[35m[1mConsolidate compiler generated dependencies of target udp_simulator_node[0m
[ 50%] Built target talker
[100%] Built target udp_simulator_node
-- Install configuration: ""
-- Up-to-date: /home/msc-mixex-reality/UDPSimulatorNode/ros2_ws/install/udp_communication/lib/udp_communication/udp_simulator_node
-- Up-to-date: /home/msc-mixex-reality/UDPSimulatorNode/ros2_ws/install/udp_communication/lib/udp_communication/talker
-- Up-to-date: /home/msc-mixex-reality/UDPSimulatorNode/ros2_ws/install/udp_communication/share/ament_index/resource_index/package_run_dependencies/udp_communication
-- Up-to-date: /home/msc-mixex-reality/UDPSimulatorNode/ros2_ws/install/udp_communication/share/ament_index/resource_index/parent_prefix_path/udp_communication
-- Up-to-date: /home/msc-mixex-reality/UDPSimulatorNode/ros2_ws/install/udp_communication/share/udp_communication/environment/ament_prefix_path.sh
-- Up-to-date: /home/msc-mixex-reality/UDPSimulatorNode/ros2_ws/install/udp_communication/share/udp_communication/environment/ament_prefix_path.dsv
-- Up-to-date: /home/msc-mixex-reality/UDPSimulatorNode/ros2_ws/install/udp_communication/share/udp_communication/environment/path.sh
-- Up-to-date: /home/msc-mixex-reality/UDPSimulatorNode/ros2_ws/install/udp_communication/share/udp_communication/environment/path.dsv
-- Up-to-date: /home/msc-mixex-reality/UDPSimulatorNode/ros2_ws/install/udp_communication/share/udp_communication/local_setup.bash
-- Up-to-date: /home/msc-mixex-reality/UDPSimulatorNode/ros2_ws/install/udp_communication/share/udp_communication/local_setup.sh
-- Up-to-date: /home/msc-mixex-reality/UDPSimulatorNode/ros2_ws/install/udp_communication/share/udp_communication/local_setup.zsh
-- Up-to-date: /home/msc-mixex-reality/UDPSimulatorNode/ros2_ws/install/udp_communication/share/udp_communication/local_setup.dsv
-- Installing: /home/msc-mixex-reality/UDPSimulatorNode/ros2_ws/install/udp_communication/share/udp_communication/package.dsv
-- Up-to-date: /home/msc-mixex-reality/UDPSimulatorNode/ros2_ws/install/udp_communication/share/ament_index/resource_index/packages/udp_communication
-- Up-to-date: /home/msc-mixex-reality/UDPSimulatorNode/ros2_ws/install/udp_communication/share/udp_communication/cmake/udp_communicationConfig.cmake
-- Up-to-date: /home/msc-mixex-reality/UDPSimulatorNode/ros2_ws/install/udp_communication/share/udp_communication/cmake/udp_communicationConfig-version.cmake
-- Up-to-date: /home/msc-mixex-reality/UDPSimulatorNode/ros2_ws/install/udp_communication/share/udp_communication/package.xml
