[0.015s] Invoking command in '/home/msc-mixex-reality/UDPSimulatorNode/ros2_ws/build/udp_communication': CMAKE_PREFIX_PATH=${CMAKE_PREFIX_PATH}:/opt/ros/humble /usr/bin/cmake --build /home/msc-mixex-reality/UDPSimulatorNode/ros2_ws/build/udp_communication -- -j8 -l8
[0.072s] [35m[1mConsolidate compiler generated dependencies of target udp_simulator_node[0m
[0.086s] [ 50%] Built target talker
[0.105s] [100%] Built target udp_simulator_node
[0.135s] Invoked command in '/home/msc-mixex-reality/UDPSimulatorNode/ros2_ws/build/udp_communication' returned '0': CMAKE_PREFIX_PATH=${CMAKE_PREFIX_PATH}:/opt/ros/humble /usr/bin/cmake --build /home/msc-mixex-reality/UDPSimulatorNode/ros2_ws/build/udp_communication -- -j8 -l8
[0.192s] Invoking command in '/home/msc-mixex-reality/UDPSimulatorNode/ros2_ws/build/udp_communication': CMAKE_PREFIX_PATH=${CMAKE_PREFIX_PATH}:/opt/ros/humble /usr/bin/cmake --install /home/msc-mixex-reality/UDPSimulatorNode/ros2_ws/build/udp_communication
[0.202s] -- Install configuration: ""
[0.202s] -- Up-to-date: /home/msc-mixex-reality/UDPSimulatorNode/ros2_ws/install/udp_communication/lib/udp_communication/udp_simulator_node
[0.203s] -- Up-to-date: /home/msc-mixex-reality/UDPSimulatorNode/ros2_ws/install/udp_communication/lib/udp_communication/talker
[0.203s] -- Up-to-date: /home/msc-mixex-reality/UDPSimulatorNode/ros2_ws/install/udp_communication/share/ament_index/resource_index/package_run_dependencies/udp_communication
[0.203s] -- Up-to-date: /home/msc-mixex-reality/UDPSimulatorNode/ros2_ws/install/udp_communication/share/ament_index/resource_index/parent_prefix_path/udp_communication
[0.204s] -- Up-to-date: /home/msc-mixex-reality/UDPSimulatorNode/ros2_ws/install/udp_communication/share/udp_communication/environment/ament_prefix_path.sh
[0.204s] -- Up-to-date: /home/msc-mixex-reality/UDPSimulatorNode/ros2_ws/install/udp_communication/share/udp_communication/environment/ament_prefix_path.dsv
[0.204s] -- Up-to-date: /home/msc-mixex-reality/UDPSimulatorNode/ros2_ws/install/udp_communication/share/udp_communication/environment/path.sh
[0.204s] -- Up-to-date: /home/msc-mixex-reality/UDPSimulatorNode/ros2_ws/install/udp_communication/share/udp_communication/environment/path.dsv
[0.204s] -- Up-to-date: /home/msc-mixex-reality/UDPSimulatorNode/ros2_ws/install/udp_communication/share/udp_communication/local_setup.bash
[0.204s] -- Up-to-date: /home/msc-mixex-reality/UDPSimulatorNode/ros2_ws/install/udp_communication/share/udp_communication/local_setup.sh
[0.205s] -- Up-to-date: /home/msc-mixex-reality/UDPSimulatorNode/ros2_ws/install/udp_communication/share/udp_communication/local_setup.zsh
[0.205s] -- Up-to-date: /home/msc-mixex-reality/UDPSimulatorNode/ros2_ws/install/udp_communication/share/udp_communication/local_setup.dsv
[0.205s] -- Installing: /home/msc-mixex-reality/UDPSimulatorNode/ros2_ws/install/udp_communication/share/udp_communication/package.dsv
[0.205s] -- Up-to-date: /home/msc-mixex-reality/UDPSimulatorNode/ros2_ws/install/udp_communication/share/ament_index/resource_index/packages/udp_communication
[0.205s] -- Up-to-date: /home/msc-mixex-reality/UDPSimulatorNode/ros2_ws/install/udp_communication/share/udp_communication/cmake/udp_communicationConfig.cmake
[0.205s] -- Up-to-date: /home/msc-mixex-reality/UDPSimulatorNode/ros2_ws/install/udp_communication/share/udp_communication/cmake/udp_communicationConfig-version.cmake
[0.205s] -- Up-to-date: /home/msc-mixex-reality/UDPSimulatorNode/ros2_ws/install/udp_communication/share/udp_communication/package.xml
[0.208s] Invoked command in '/home/msc-mixex-reality/UDPSimulatorNode/ros2_ws/build/udp_communication' returned '0': CMAKE_PREFIX_PATH=${CMAKE_PREFIX_PATH}:/opt/ros/humble /usr/bin/cmake --install /home/msc-mixex-reality/UDPSimulatorNode/ros2_ws/build/udp_communication
