[0.012s] Invoking command in '/home/msc-mixex-reality/UDPSimulatorNode/ros2_ws/build/udp_communication': CMAKE_PREFIX_PATH=${CMAKE_PREFIX_PATH}:/opt/ros/humble /usr/bin/cmake --build /home/msc-mixex-reality/UDPSimulatorNode/ros2_ws/build/udp_communication -- -j8 -l8
[0.054s] [35m[1mConsolidate compiler generated dependencies of target udp_simulator_node[0m
[0.069s] [ 50%] Built target talker
[0.098s] [ 75%] [32mBuilding CXX object CMakeFiles/udp_simulator_node.dir/src/udp_simulator_node.cpp.o[0m
[13.460s] [100%] [32m[1mLinking CXX executable udp_simulator_node[0m
[14.113s] [100%] Built target udp_simulator_node
[14.132s] Invoked command in '/home/msc-mixex-reality/UDPSimulatorNode/ros2_ws/build/udp_communication' returned '0': CMAKE_PREFIX_PATH=${CMAKE_PREFIX_PATH}:/opt/ros/humble /usr/bin/cmake --build /home/msc-mixex-reality/UDPSimulatorNode/ros2_ws/build/udp_communication -- -j8 -l8
[14.183s] Invoking command in '/home/msc-mixex-reality/UDPSimulatorNode/ros2_ws/build/udp_communication': CMAKE_PREFIX_PATH=${CMAKE_PREFIX_PATH}:/opt/ros/humble /usr/bin/cmake --install /home/msc-mixex-reality/UDPSimulatorNode/ros2_ws/build/udp_communication
[14.195s] -- Install configuration: ""
[14.196s] -- Installing: /home/msc-mixex-reality/UDPSimulatorNode/ros2_ws/install/udp_communication/lib/udp_communication/udp_simulator_node
[14.205s] -- Set runtime path of "/home/msc-mixex-reality/UDPSimulatorNode/ros2_ws/install/udp_communication/lib/udp_communication/udp_simulator_node" to ""
[14.206s] -- Up-to-date: /home/msc-mixex-reality/UDPSimulatorNode/ros2_ws/install/udp_communication/lib/udp_communication/talker
[14.206s] -- Up-to-date: /home/msc-mixex-reality/UDPSimulatorNode/ros2_ws/install/udp_communication/share/ament_index/resource_index/package_run_dependencies/udp_communication
[14.206s] -- Up-to-date: /home/msc-mixex-reality/UDPSimulatorNode/ros2_ws/install/udp_communication/share/ament_index/resource_index/parent_prefix_path/udp_communication
[14.207s] -- Up-to-date: /home/msc-mixex-reality/UDPSimulatorNode/ros2_ws/install/udp_communication/share/udp_communication/environment/ament_prefix_path.sh
[14.207s] -- Up-to-date: /home/msc-mixex-reality/UDPSimulatorNode/ros2_ws/install/udp_communication/share/udp_communication/environment/ament_prefix_path.dsv
[14.208s] -- Up-to-date: /home/msc-mixex-reality/UDPSimulatorNode/ros2_ws/install/udp_communication/share/udp_communication/environment/path.sh
[14.208s] -- Up-to-date: /home/msc-mixex-reality/UDPSimulatorNode/ros2_ws/install/udp_communication/share/udp_communication/environment/path.dsv
[14.208s] -- Up-to-date: /home/msc-mixex-reality/UDPSimulatorNode/ros2_ws/install/udp_communication/share/udp_communication/local_setup.bash
[14.208s] -- Up-to-date: /home/msc-mixex-reality/UDPSimulatorNode/ros2_ws/install/udp_communication/share/udp_communication/local_setup.sh
[14.209s] -- Up-to-date: /home/msc-mixex-reality/UDPSimulatorNode/ros2_ws/install/udp_communication/share/udp_communication/local_setup.zsh
[14.209s] -- Up-to-date: /home/msc-mixex-reality/UDPSimulatorNode/ros2_ws/install/udp_communication/share/udp_communication/local_setup.dsv
[14.209s] -- Installing: /home/msc-mixex-reality/UDPSimulatorNode/ros2_ws/install/udp_communication/share/udp_communication/package.dsv
[14.209s] -- Up-to-date: /home/msc-mixex-reality/UDPSimulatorNode/ros2_ws/install/udp_communication/share/ament_index/resource_index/packages/udp_communication
[14.209s] -- Up-to-date: /home/msc-mixex-reality/UDPSimulatorNode/ros2_ws/install/udp_communication/share/udp_communication/cmake/udp_communicationConfig.cmake
[14.210s] -- Up-to-date: /home/msc-mixex-reality/UDPSimulatorNode/ros2_ws/install/udp_communication/share/udp_communication/cmake/udp_communicationConfig-version.cmake
[14.210s] -- Up-to-date: /home/msc-mixex-reality/UDPSimulatorNode/ros2_ws/install/udp_communication/share/udp_communication/package.xml
[14.215s] Invoked command in '/home/msc-mixex-reality/UDPSimulatorNode/ros2_ws/build/udp_communication' returned '0': CMAKE_PREFIX_PATH=${CMAKE_PREFIX_PATH}:/opt/ros/humble /usr/bin/cmake --install /home/msc-mixex-reality/UDPSimulatorNode/ros2_ws/build/udp_communication
