-- The C compiler identification is GNU 11.4.0
-- The CXX compiler identification is GNU 11.4.0
-- Detecting C compiler ABI info
-- Detecting C compiler ABI info - done
-- Check for working C compiler: /usr/bin/cc - skipped
-- Detecting C compile features
-- Detecting C compile features - done
-- Detecting CXX compiler ABI info
-- Detecting CXX compiler ABI info - done
-- Check for working CXX compiler: /usr/bin/c++ - skipped
-- Detecting CXX compile features
-- Detecting CXX compile features - done
-- Found ament_cmake: 1.3.5 (/opt/ros/humble/share/ament_cmake/cmake)
-- Found Python3: /usr/bin/python3.10 (found version "3.10.12") found components: Interpreter 
-- Found ament_lint_auto: 0.12.7 (/opt/ros/humble/share/ament_lint_auto/cmake)
-- Added test 'cppcheck' to perform static code analysis on C / C++ code
-- Configured cppcheck include dirs: $<BUILD_INTERFACE:/home/msc-mixex-reality/UDPSimulatorNode/ros2_ws/src/UDPCommunication/include>
-- Configured cppcheck exclude dirs and/or files: 
-- Added test 'lint_cmake' to check CMake code style
-- Added test 'uncrustify' to check C / C++ code style
-- Configured uncrustify additional arguments: 
-- Added test 'xmllint' to check XML markup files
-- Configuring done
-- Generating done
-- Build files have been written to: /home/msc-mixex-reality/UDPSimulatorNode/ros2_ws/build/UDPCommunication
[ 50%] [32mBuilding CXX object CMakeFiles/UDPSimulatorNode.dir/src/UDPSimulatorNode.cpp.o[0m
[100%] [32m[1mLinking CXX executable UDPSimulatorNode[0m
[100%] Built target UDPSimulatorNode
-- Install configuration: ""
-- Installing: /home/msc-mixex-reality/UDPSimulatorNode/ros2_ws/install/UDPCommunication/lib/UDPCommunication/UDPSimulatorNode
-- Installing: /home/msc-mixex-reality/UDPSimulatorNode/ros2_ws/install/UDPCommunication/share/ament_index/resource_index/package_run_dependencies/UDPCommunication
-- Installing: /home/msc-mixex-reality/UDPSimulatorNode/ros2_ws/install/UDPCommunication/share/ament_index/resource_index/parent_prefix_path/UDPCommunication
-- Installing: /home/msc-mixex-reality/UDPSimulatorNode/ros2_ws/install/UDPCommunication/share/UDPCommunication/environment/ament_prefix_path.sh
-- Installing: /home/msc-mixex-reality/UDPSimulatorNode/ros2_ws/install/UDPCommunication/share/UDPCommunication/environment/ament_prefix_path.dsv
-- Installing: /home/msc-mixex-reality/UDPSimulatorNode/ros2_ws/install/UDPCommunication/share/UDPCommunication/environment/path.sh
-- Installing: /home/msc-mixex-reality/UDPSimulatorNode/ros2_ws/install/UDPCommunication/share/UDPCommunication/environment/path.dsv
-- Installing: /home/msc-mixex-reality/UDPSimulatorNode/ros2_ws/install/UDPCommunication/share/UDPCommunication/local_setup.bash
-- Installing: /home/msc-mixex-reality/UDPSimulatorNode/ros2_ws/install/UDPCommunication/share/UDPCommunication/local_setup.sh
-- Installing: /home/msc-mixex-reality/UDPSimulatorNode/ros2_ws/install/UDPCommunication/share/UDPCommunication/local_setup.zsh
-- Installing: /home/msc-mixex-reality/UDPSimulatorNode/ros2_ws/install/UDPCommunication/share/UDPCommunication/local_setup.dsv
-- Installing: /home/msc-mixex-reality/UDPSimulatorNode/ros2_ws/install/UDPCommunication/share/UDPCommunication/package.dsv
-- Installing: /home/msc-mixex-reality/UDPSimulatorNode/ros2_ws/install/UDPCommunication/share/ament_index/resource_index/packages/UDPCommunication
-- Installing: /home/msc-mixex-reality/UDPSimulatorNode/ros2_ws/install/UDPCommunication/share/UDPCommunication/cmake/UDPCommunicationConfig.cmake
-- Installing: /home/msc-mixex-reality/UDPSimulatorNode/ros2_ws/install/UDPCommunication/share/UDPCommunication/cmake/UDPCommunicationConfig-version.cmake
-- Installing: /home/msc-mixex-reality/UDPSimulatorNode/ros2_ws/install/UDPCommunication/share/UDPCommunication/package.xml
