[0.016s] Invoking command in '/home/msc-mixex-reality/UDPSimulatorNode/ros2_ws/build/UDPCommunication': CMAKE_PREFIX_PATH=${CMAKE_PREFIX_PATH}:/opt/ros/humble /usr/bin/cmake /home/msc-mixex-reality/UDPSimulatorNode/ros2_ws/src/UDPCommunication -DCMAKE_INSTALL_PREFIX=/home/msc-mixex-reality/UDPSimulatorNode/ros2_ws/install/UDPCommunication
[0.067s] -- The C compiler identification is GNU 11.4.0
[0.152s] -- The CXX compiler identification is GNU 11.4.0
[0.163s] -- Detecting C compiler ABI info
[0.238s] -- Detecting C compiler ABI info - done
[0.245s] -- Check for working C compiler: /usr/bin/cc - skipped
[0.245s] -- Detecting C compile features
[0.245s] -- Detecting C compile features - done
[0.248s] -- Detecting CXX compiler ABI info
[0.319s] -- Detecting CXX compiler ABI info - done
[0.326s] -- Check for working CXX compiler: /usr/bin/c++ - skipped
[0.327s] -- Detecting CXX compile features
[0.328s] -- Detecting CXX compile features - done
[0.330s] -- Found ament_cmake: 1.3.5 (/opt/ros/humble/share/ament_cmake/cmake)
[0.492s] -- Found Python3: /usr/bin/python3.10 (found version "3.10.12") found components: Interpreter 
[0.575s] -- Found ament_lint_auto: 0.12.7 (/opt/ros/humble/share/ament_lint_auto/cmake)
[0.627s] WARNING: Package name "UDPCommunication" does not follow the naming conventions. It should start with a lower case letter and only contain lower case letters, digits, underscores, and dashes.
[0.655s] -- Added test 'cppcheck' to perform static code analysis on C / C++ code
[0.655s] -- Configured cppcheck include dirs: $<BUILD_INTERFACE:/home/msc-mixex-reality/UDPSimulatorNode/ros2_ws/src/UDPCommunication/include>
[0.656s] -- Configured cppcheck exclude dirs and/or files: 
[0.656s] -- Added test 'lint_cmake' to check CMake code style
[0.656s] -- Added test 'uncrustify' to check C / C++ code style
[0.656s] -- Configured uncrustify additional arguments: 
[0.656s] -- Added test 'xmllint' to check XML markup files
[0.657s] -- Configuring done
[0.663s] -- Generating done
[0.663s] -- Build files have been written to: /home/msc-mixex-reality/UDPSimulatorNode/ros2_ws/build/UDPCommunication
[0.667s] Invoked command in '/home/msc-mixex-reality/UDPSimulatorNode/ros2_ws/build/UDPCommunication' returned '0': CMAKE_PREFIX_PATH=${CMAKE_PREFIX_PATH}:/opt/ros/humble /usr/bin/cmake /home/msc-mixex-reality/UDPSimulatorNode/ros2_ws/src/UDPCommunication -DCMAKE_INSTALL_PREFIX=/home/msc-mixex-reality/UDPSimulatorNode/ros2_ws/install/UDPCommunication
[0.668s] Invoking command in '/home/msc-mixex-reality/UDPSimulatorNode/ros2_ws/build/UDPCommunication': CMAKE_PREFIX_PATH=${CMAKE_PREFIX_PATH}:/opt/ros/humble /usr/bin/cmake --build /home/msc-mixex-reality/UDPSimulatorNode/ros2_ws/build/UDPCommunication -- -j8 -l8
[0.712s] [ 50%] [32mBuilding CXX object CMakeFiles/UDPSimulatorNode.dir/src/UDPSimulatorNode.cpp.o[0m
[0.740s] [100%] [32m[1mLinking CXX executable UDPSimulatorNode[0m
[0.785s] [100%] Built target UDPSimulatorNode
[0.796s] Invoked command in '/home/msc-mixex-reality/UDPSimulatorNode/ros2_ws/build/UDPCommunication' returned '0': CMAKE_PREFIX_PATH=${CMAKE_PREFIX_PATH}:/opt/ros/humble /usr/bin/cmake --build /home/msc-mixex-reality/UDPSimulatorNode/ros2_ws/build/UDPCommunication -- -j8 -l8
[0.820s] Invoking command in '/home/msc-mixex-reality/UDPSimulatorNode/ros2_ws/build/UDPCommunication': CMAKE_PREFIX_PATH=${CMAKE_PREFIX_PATH}:/opt/ros/humble /usr/bin/cmake --install /home/msc-mixex-reality/UDPSimulatorNode/ros2_ws/build/UDPCommunication
[0.828s] -- Install configuration: ""
[0.828s] -- Installing: /home/msc-mixex-reality/UDPSimulatorNode/ros2_ws/install/UDPCommunication/lib/UDPCommunication/UDPSimulatorNode
[0.829s] -- Installing: /home/msc-mixex-reality/UDPSimulatorNode/ros2_ws/install/UDPCommunication/share/ament_index/resource_index/package_run_dependencies/UDPCommunication
[0.829s] -- Installing: /home/msc-mixex-reality/UDPSimulatorNode/ros2_ws/install/UDPCommunication/share/ament_index/resource_index/parent_prefix_path/UDPCommunication
[0.829s] -- Installing: /home/msc-mixex-reality/UDPSimulatorNode/ros2_ws/install/UDPCommunication/share/UDPCommunication/environment/ament_prefix_path.sh
[0.829s] -- Installing: /home/msc-mixex-reality/UDPSimulatorNode/ros2_ws/install/UDPCommunication/share/UDPCommunication/environment/ament_prefix_path.dsv
[0.830s] -- Installing: /home/msc-mixex-reality/UDPSimulatorNode/ros2_ws/install/UDPCommunication/share/UDPCommunication/environment/path.sh
[0.830s] -- Installing: /home/msc-mixex-reality/UDPSimulatorNode/ros2_ws/install/UDPCommunication/share/UDPCommunication/environment/path.dsv
[0.830s] -- Installing: /home/msc-mixex-reality/UDPSimulatorNode/ros2_ws/install/UDPCommunication/share/UDPCommunication/local_setup.bash
[0.830s] -- Installing: /home/msc-mixex-reality/UDPSimulatorNode/ros2_ws/install/UDPCommunication/share/UDPCommunication/local_setup.sh
[0.830s] -- Installing: /home/msc-mixex-reality/UDPSimulatorNode/ros2_ws/install/UDPCommunication/share/UDPCommunication/local_setup.zsh
[0.831s] -- Installing: /home/msc-mixex-reality/UDPSimulatorNode/ros2_ws/install/UDPCommunication/share/UDPCommunication/local_setup.dsv
[0.831s] -- Installing: /home/msc-mixex-reality/UDPSimulatorNode/ros2_ws/install/UDPCommunication/share/UDPCommunication/package.dsv
[0.831s] -- Installing: /home/msc-mixex-reality/UDPSimulatorNode/ros2_ws/install/UDPCommunication/share/ament_index/resource_index/packages/UDPCommunication
[0.831s] -- Installing: /home/msc-mixex-reality/UDPSimulatorNode/ros2_ws/install/UDPCommunication/share/UDPCommunication/cmake/UDPCommunicationConfig.cmake
[0.831s] -- Installing: /home/msc-mixex-reality/UDPSimulatorNode/ros2_ws/install/UDPCommunication/share/UDPCommunication/cmake/UDPCommunicationConfig-version.cmake
[0.831s] -- Installing: /home/msc-mixex-reality/UDPSimulatorNode/ros2_ws/install/UDPCommunication/share/UDPCommunication/package.xml
[0.837s] Invoked command in '/home/msc-mixex-reality/UDPSimulatorNode/ros2_ws/build/UDPCommunication' returned '0': CMAKE_PREFIX_PATH=${CMAKE_PREFIX_PATH}:/opt/ros/humble /usr/bin/cmake --install /home/msc-mixex-reality/UDPSimulatorNode/ros2_ws/build/UDPCommunication
