-- Found ament_cmake: 1.3.5 (/opt/ros/humble/share/ament_cmake/cmake)
-- Found rclcpp: 16.0.5 (/opt/ros/humble/share/rclcpp/cmake)
-- Found rosidl_generator_c: 3.1.5 (/opt/ros/humble/share/rosidl_generator_c/cmake)
-- Found rosidl_adapter: 3.1.5 (/opt/ros/humble/share/rosidl_adapter/cmake)
-- Found rosidl_generator_cpp: 3.1.5 (/opt/ros/humble/share/rosidl_generator_cpp/cmake)
-- Using all available rosidl_typesupport_c: rosidl_typesupport_fastrtps_c;rosidl_typesupport_introspection_c
-- Using all available rosidl_typesupport_cpp: rosidl_typesupport_fastrtps_cpp;rosidl_typesupport_introspection_cpp
-- Found rmw_implementation_cmake: 6.1.1 (/opt/ros/humble/share/rmw_implementation_cmake/cmake)
-- Found rmw_fastrtps_cpp: 6.2.3 (/opt/ros/humble/share/rmw_fastrtps_cpp/cmake)
-- Using RMW implementation 'rmw_fastrtps_cpp' as default
-- Found ament_lint_auto: 0.12.7 (/opt/ros/humble/share/ament_lint_auto/cmake)
-- Added test 'cppcheck' to perform static code analysis on C / C++ code
-- Configured cppcheck include dirs: $<BUILD_INTERFACE:/home/msc-mixex-reality/UDPSimulatorNode/ros2_ws/src/udp_communication/include>
-- Configured cppcheck exclude dirs and/or files: 
-- Added test 'lint_cmake' to check CMake code style
-- Added test 'uncrustify' to check C / C++ code style
-- Configured uncrustify additional arguments: 
-- Added test 'xmllint' to check XML markup files
-- Configuring done
-- Generating done
-- Build files have been written to: /home/msc-mixex-reality/UDPSimulatorNode/ros2_ws/build/udp_communication
[35m[1mConsolidate compiler generated dependencies of target talker[0m
[35m[1mConsolidate compiler generated dependencies of target udp_simulator_node[0m
[ 25%] [32mBuilding CXX object CMakeFiles/udp_simulator_node.dir/src/udp_simulator_node.cpp.o[0m
[ 75%] Built target talker
[100%] [32m[1mLinking CXX executable udp_simulator_node[0m
[100%] Built target udp_simulator_node
-- Install configuration: ""
-- Installing: /home/msc-mixex-reality/UDPSimulatorNode/ros2_ws/install/udp_communication/lib/udp_communication/udp_simulator_node
-- Set runtime path of "/home/msc-mixex-reality/UDPSimulatorNode/ros2_ws/install/udp_communication/lib/udp_communication/udp_simulator_node" to ""
-- Up-to-date: /home/msc-mixex-reality/UDPSimulatorNode/ros2_ws/install/udp_communication/lib/udp_communication/talker
-- Up-to-date: /home/msc-mixex-reality/UDPSimulatorNode/ros2_ws/install/udp_communication/share/ament_index/resource_index/package_run_dependencies/udp_communication
-- Up-to-date: /home/msc-mixex-reality/UDPSimulatorNode/ros2_ws/install/udp_communication/share/ament_index/resource_index/parent_prefix_path/udp_communication
-- Up-to-date: /home/msc-mixex-reality/UDPSimulatorNode/ros2_ws/install/udp_communication/share/udp_communication/environment/ament_prefix_path.sh
-- Installing: /home/msc-mixex-reality/UDPSimulatorNode/ros2_ws/install/udp_communication/share/udp_communication/environment/ament_prefix_path.dsv
-- Up-to-date: /home/msc-mixex-reality/UDPSimulatorNode/ros2_ws/install/udp_communication/share/udp_communication/environment/path.sh
-- Installing: /home/msc-mixex-reality/UDPSimulatorNode/ros2_ws/install/udp_communication/share/udp_communication/environment/path.dsv
-- Up-to-date: /home/msc-mixex-reality/UDPSimulatorNode/ros2_ws/install/udp_communication/share/udp_communication/local_setup.bash
-- Up-to-date: /home/msc-mixex-reality/UDPSimulatorNode/ros2_ws/install/udp_communication/share/udp_communication/local_setup.sh
-- Up-to-date: /home/msc-mixex-reality/UDPSimulatorNode/ros2_ws/install/udp_communication/share/udp_communication/local_setup.zsh
-- Installing: /home/msc-mixex-reality/UDPSimulatorNode/ros2_ws/install/udp_communication/share/udp_communication/local_setup.dsv
-- Installing: /home/msc-mixex-reality/UDPSimulatorNode/ros2_ws/install/udp_communication/share/udp_communication/package.dsv
-- Up-to-date: /home/msc-mixex-reality/UDPSimulatorNode/ros2_ws/install/udp_communication/share/ament_index/resource_index/packages/udp_communication
-- Up-to-date: /home/msc-mixex-reality/UDPSimulatorNode/ros2_ws/install/udp_communication/share/udp_communication/cmake/udp_communicationConfig.cmake
-- Up-to-date: /home/msc-mixex-reality/UDPSimulatorNode/ros2_ws/install/udp_communication/share/udp_communication/cmake/udp_communicationConfig-version.cmake
-- Up-to-date: /home/msc-mixex-reality/UDPSimulatorNode/ros2_ws/install/udp_communication/share/udp_communication/package.xml
