[0.019s] Invoking command in '/home/msc-mixex-reality/UDPSimulatorNode/ros2_ws/build/turtlesim': CMAKE_PREFIX_PATH=${CMAKE_PREFIX_PATH}:/opt/ros/humble /usr/bin/cmake --build /home/msc-mixex-reality/UDPSimulatorNode/ros2_ws/build/turtlesim -- -j8 -l8
[0.075s] [ 10%] Built target turtlesim__rosidl_generator_c
[0.076s] [ 11%] Built target turtlesim__cpp
[0.093s] [ 11%] Built target ament_cmake_python_copy_turtlesim
[0.113s] [ 21%] Built target turtlesim__rosidl_typesupport_fastrtps_c
[0.120s] [ 40%] Built target turtlesim__rosidl_typesupport_introspection_c
[0.120s] [ 41%] Built target turtlesim__rosidl_typesupport_c
[0.125s] [ 51%] Built target turtlesim__rosidl_typesupport_introspection_cpp
[0.130s] [ 61%] Built target turtlesim__rosidl_typesupport_cpp
[0.135s] [ 71%] Built target turtlesim__rosidl_typesupport_fastrtps_cpp
[0.162s] [ 71%] Built target turtlesim
[0.167s] [ 73%] Built target draw_square
[0.170s] [ 75%] Built target turtle_teleop_key
[0.175s] [ 77%] Built target mimic
[0.178s] [ 83%] Built target turtlesim_node
[0.188s] [ 84%] Built target turtlesim__py
[0.219s] [ 93%] Built target turtlesim__rosidl_generator_py
[0.249s] [ 95%] Built target turtlesim__rosidl_typesupport_introspection_c__pyext
[0.250s] [ 97%] Built target turtlesim__rosidl_typesupport_c__pyext
[0.252s] [100%] Built target turtlesim__rosidl_typesupport_fastrtps_c__pyext
[0.384s] running egg_info
[0.385s] writing turtlesim.egg-info/PKG-INFO
[0.385s] writing dependency_links to turtlesim.egg-info/dependency_links.txt
[0.385s] writing top-level names to turtlesim.egg-info/top_level.txt
[0.388s] reading manifest file 'turtlesim.egg-info/SOURCES.txt'
[0.388s] writing manifest file 'turtlesim.egg-info/SOURCES.txt'
[0.414s] [100%] Built target ament_cmake_python_build_turtlesim_egg
[0.427s] Invoked command in '/home/msc-mixex-reality/UDPSimulatorNode/ros2_ws/build/turtlesim' returned '0': CMAKE_PREFIX_PATH=${CMAKE_PREFIX_PATH}:/opt/ros/humble /usr/bin/cmake --build /home/msc-mixex-reality/UDPSimulatorNode/ros2_ws/build/turtlesim -- -j8 -l8
[0.675s] Invoking command in '/home/msc-mixex-reality/UDPSimulatorNode/ros2_ws/build/turtlesim': CMAKE_PREFIX_PATH=${CMAKE_PREFIX_PATH}:/opt/ros/humble /usr/bin/cmake --install /home/msc-mixex-reality/UDPSimulatorNode/ros2_ws/build/turtlesim
[0.683s] -- Install configuration: ""
[0.684s] -- Up-to-date: /home/msc-mixex-reality/UDPSimulatorNode/ros2_ws/install/turtlesim/share/ament_index/resource_index/rosidl_interfaces/turtlesim
[0.684s] -- Up-to-date: /home/msc-mixex-reality/UDPSimulatorNode/ros2_ws/install/turtlesim/include/turtlesim/turtlesim
[0.684s] -- Up-to-date: /home/msc-mixex-reality/UDPSimulatorNode/ros2_ws/install/turtlesim/include/turtlesim/turtlesim/srv
[0.684s] -- Up-to-date: /home/msc-mixex-reality/UDPSimulatorNode/ros2_ws/install/turtlesim/include/turtlesim/turtlesim/srv/teleport_relative.h
[0.685s] -- Up-to-date: /home/msc-mixex-reality/UDPSimulatorNode/ros2_ws/install/turtlesim/include/turtlesim/turtlesim/srv/detail
[0.685s] -- Up-to-date: /home/msc-mixex-reality/UDPSimulatorNode/ros2_ws/install/turtlesim/include/turtlesim/turtlesim/srv/detail/set_pen__functions.c
[0.685s] -- Up-to-date: /home/msc-mixex-reality/UDPSimulatorNode/ros2_ws/install/turtlesim/include/turtlesim/turtlesim/srv/detail/set_pen__functions.h
[0.685s] -- Up-to-date: /home/msc-mixex-reality/UDPSimulatorNode/ros2_ws/install/turtlesim/include/turtlesim/turtlesim/srv/detail/kill__struct.h
[0.685s] -- Up-to-date: /home/msc-mixex-reality/UDPSimulatorNode/ros2_ws/install/turtlesim/include/turtlesim/turtlesim/srv/detail/spawn__functions.h
[0.686s] -- Up-to-date: /home/msc-mixex-reality/UDPSimulatorNode/ros2_ws/install/turtlesim/include/turtlesim/turtlesim/srv/detail/kill__functions.h
[0.686s] -- Up-to-date: /home/msc-mixex-reality/UDPSimulatorNode/ros2_ws/install/turtlesim/include/turtlesim/turtlesim/srv/detail/teleport_relative__functions.c
[0.686s] -- Up-to-date: /home/msc-mixex-reality/UDPSimulatorNode/ros2_ws/install/turtlesim/include/turtlesim/turtlesim/srv/detail/teleport_absolute__functions.c
[0.686s] -- Up-to-date: /home/msc-mixex-reality/UDPSimulatorNode/ros2_ws/install/turtlesim/include/turtlesim/turtlesim/srv/detail/teleport_absolute__struct.h
[0.686s] -- Up-to-date: /home/msc-mixex-reality/UDPSimulatorNode/ros2_ws/install/turtlesim/include/turtlesim/turtlesim/srv/detail/set_pen__struct.h
[0.687s] -- Up-to-date: /home/msc-mixex-reality/UDPSimulatorNode/ros2_ws/install/turtlesim/include/turtlesim/turtlesim/srv/detail/teleport_absolute__type_support.h
[0.687s] -- Up-to-date: /home/msc-mixex-reality/UDPSimulatorNode/ros2_ws/install/turtlesim/include/turtlesim/turtlesim/srv/detail/teleport_relative__type_support.h
[0.687s] -- Up-to-date: /home/msc-mixex-reality/UDPSimulatorNode/ros2_ws/install/turtlesim/include/turtlesim/turtlesim/srv/detail/spawn__type_support.h
[0.687s] -- Up-to-date: /home/msc-mixex-reality/UDPSimulatorNode/ros2_ws/install/turtlesim/include/turtlesim/turtlesim/srv/detail/kill__functions.c
[0.687s] -- Up-to-date: /home/msc-mixex-reality/UDPSimulatorNode/ros2_ws/install/turtlesim/include/turtlesim/turtlesim/srv/detail/spawn__functions.c
[0.687s] -- Up-to-date: /home/msc-mixex-reality/UDPSimulatorNode/ros2_ws/install/turtlesim/include/turtlesim/turtlesim/srv/detail/teleport_relative__functions.h
[0.688s] -- Up-to-date: /home/msc-mixex-reality/UDPSimulatorNode/ros2_ws/install/turtlesim/include/turtlesim/turtlesim/srv/detail/set_pen__type_support.h
[0.688s] -- Up-to-date: /home/msc-mixex-reality/UDPSimulatorNode/ros2_ws/install/turtlesim/include/turtlesim/turtlesim/srv/detail/teleport_absolute__functions.h
[0.688s] -- Up-to-date: /home/msc-mixex-reality/UDPSimulatorNode/ros2_ws/install/turtlesim/include/turtlesim/turtlesim/srv/detail/kill__type_support.h
[0.688s] -- Up-to-date: /home/msc-mixex-reality/UDPSimulatorNode/ros2_ws/install/turtlesim/include/turtlesim/turtlesim/srv/detail/teleport_relative__struct.h
[0.688s] -- Up-to-date: /home/msc-mixex-reality/UDPSimulatorNode/ros2_ws/install/turtlesim/include/turtlesim/turtlesim/srv/detail/spawn__struct.h
[0.689s] -- Up-to-date: /home/msc-mixex-reality/UDPSimulatorNode/ros2_ws/install/turtlesim/include/turtlesim/turtlesim/srv/kill.h
[0.689s] -- Up-to-date: /home/msc-mixex-reality/UDPSimulatorNode/ros2_ws/install/turtlesim/include/turtlesim/turtlesim/srv/set_pen.h
[0.689s] -- Up-to-date: /home/msc-mixex-reality/UDPSimulatorNode/ros2_ws/install/turtlesim/include/turtlesim/turtlesim/srv/teleport_absolute.h
[0.689s] -- Up-to-date: /home/msc-mixex-reality/UDPSimulatorNode/ros2_ws/install/turtlesim/include/turtlesim/turtlesim/srv/spawn.h
[0.689s] -- Up-to-date: /home/msc-mixex-reality/UDPSimulatorNode/ros2_ws/install/turtlesim/include/turtlesim/turtlesim/msg
[0.689s] -- Up-to-date: /home/msc-mixex-reality/UDPSimulatorNode/ros2_ws/install/turtlesim/include/turtlesim/turtlesim/msg/detail
[0.690s] -- Up-to-date: /home/msc-mixex-reality/UDPSimulatorNode/ros2_ws/install/turtlesim/include/turtlesim/turtlesim/msg/detail/pose__struct.h
[0.690s] -- Up-to-date: /home/msc-mixex-reality/UDPSimulatorNode/ros2_ws/install/turtlesim/include/turtlesim/turtlesim/msg/detail/pose__functions.h
[0.690s] -- Up-to-date: /home/msc-mixex-reality/UDPSimulatorNode/ros2_ws/install/turtlesim/include/turtlesim/turtlesim/msg/detail/pose__type_support.h
[0.690s] -- Up-to-date: /home/msc-mixex-reality/UDPSimulatorNode/ros2_ws/install/turtlesim/include/turtlesim/turtlesim/msg/detail/color__struct.h
[0.690s] -- Up-to-date: /home/msc-mixex-reality/UDPSimulatorNode/ros2_ws/install/turtlesim/include/turtlesim/turtlesim/msg/detail/color__type_support.h
[0.690s] -- Up-to-date: /home/msc-mixex-reality/UDPSimulatorNode/ros2_ws/install/turtlesim/include/turtlesim/turtlesim/msg/detail/color__functions.c
[0.691s] -- Up-to-date: /home/msc-mixex-reality/UDPSimulatorNode/ros2_ws/install/turtlesim/include/turtlesim/turtlesim/msg/detail/pose__functions.c
[0.691s] -- Up-to-date: /home/msc-mixex-reality/UDPSimulatorNode/ros2_ws/install/turtlesim/include/turtlesim/turtlesim/msg/detail/color__functions.h
[0.691s] -- Up-to-date: /home/msc-mixex-reality/UDPSimulatorNode/ros2_ws/install/turtlesim/include/turtlesim/turtlesim/msg/rosidl_generator_c__visibility_control.h
[0.692s] -- Up-to-date: /home/msc-mixex-reality/UDPSimulatorNode/ros2_ws/install/turtlesim/include/turtlesim/turtlesim/msg/color.h
[0.692s] -- Up-to-date: /home/msc-mixex-reality/UDPSimulatorNode/ros2_ws/install/turtlesim/include/turtlesim/turtlesim/msg/pose.h
[0.692s] -- Up-to-date: /home/msc-mixex-reality/UDPSimulatorNode/ros2_ws/install/turtlesim/include/turtlesim/turtlesim/action
[0.692s] -- Up-to-date: /home/msc-mixex-reality/UDPSimulatorNode/ros2_ws/install/turtlesim/include/turtlesim/turtlesim/action/rotate_absolute.h
[0.692s] -- Up-to-date: /home/msc-mixex-reality/UDPSimulatorNode/ros2_ws/install/turtlesim/include/turtlesim/turtlesim/action/detail
[0.692s] -- Up-to-date: /home/msc-mixex-reality/UDPSimulatorNode/ros2_ws/install/turtlesim/include/turtlesim/turtlesim/action/detail/rotate_absolute__struct.h
[0.692s] -- Up-to-date: /home/msc-mixex-reality/UDPSimulatorNode/ros2_ws/install/turtlesim/include/turtlesim/turtlesim/action/detail/rotate_absolute__functions.c
[0.693s] -- Up-to-date: /home/msc-mixex-reality/UDPSimulatorNode/ros2_ws/install/turtlesim/include/turtlesim/turtlesim/action/detail/rotate_absolute__type_support.h
[0.693s] -- Up-to-date: /home/msc-mixex-reality/UDPSimulatorNode/ros2_ws/install/turtlesim/include/turtlesim/turtlesim/action/detail/rotate_absolute__functions.h
[0.693s] -- Up-to-date: /home/msc-mixex-reality/UDPSimulatorNode/ros2_ws/install/turtlesim/share/turtlesim/environment/library_path.sh
[0.693s] -- Up-to-date: /home/msc-mixex-reality/UDPSimulatorNode/ros2_ws/install/turtlesim/share/turtlesim/environment/library_path.dsv
[0.693s] -- Up-to-date: /home/msc-mixex-reality/UDPSimulatorNode/ros2_ws/install/turtlesim/lib/libturtlesim__rosidl_generator_c.so
[0.694s] -- Up-to-date: /home/msc-mixex-reality/UDPSimulatorNode/ros2_ws/install/turtlesim/include/turtlesim/turtlesim
[0.694s] -- Up-to-date: /home/msc-mixex-reality/UDPSimulatorNode/ros2_ws/install/turtlesim/include/turtlesim/turtlesim/srv
[0.694s] -- Up-to-date: /home/msc-mixex-reality/UDPSimulatorNode/ros2_ws/install/turtlesim/include/turtlesim/turtlesim/srv/detail
[0.694s] -- Up-to-date: /home/msc-mixex-reality/UDPSimulatorNode/ros2_ws/install/turtlesim/include/turtlesim/turtlesim/srv/detail/kill__rosidl_typesupport_fastrtps_c.h
[0.694s] -- Up-to-date: /home/msc-mixex-reality/UDPSimulatorNode/ros2_ws/install/turtlesim/include/turtlesim/turtlesim/srv/detail/teleport_relative__rosidl_typesupport_fastrtps_c.h
[0.694s] -- Up-to-date: /home/msc-mixex-reality/UDPSimulatorNode/ros2_ws/install/turtlesim/include/turtlesim/turtlesim/srv/detail/spawn__rosidl_typesupport_fastrtps_c.h
[0.694s] -- Up-to-date: /home/msc-mixex-reality/UDPSimulatorNode/ros2_ws/install/turtlesim/include/turtlesim/turtlesim/srv/detail/set_pen__rosidl_typesupport_fastrtps_c.h
[0.695s] -- Up-to-date: /home/msc-mixex-reality/UDPSimulatorNode/ros2_ws/install/turtlesim/include/turtlesim/turtlesim/srv/detail/teleport_absolute__rosidl_typesupport_fastrtps_c.h
[0.695s] -- Up-to-date: /home/msc-mixex-reality/UDPSimulatorNode/ros2_ws/install/turtlesim/include/turtlesim/turtlesim/msg
[0.695s] -- Up-to-date: /home/msc-mixex-reality/UDPSimulatorNode/ros2_ws/install/turtlesim/include/turtlesim/turtlesim/msg/rosidl_typesupport_fastrtps_c__visibility_control.h
[0.695s] -- Up-to-date: /home/msc-mixex-reality/UDPSimulatorNode/ros2_ws/install/turtlesim/include/turtlesim/turtlesim/msg/detail
[0.695s] -- Up-to-date: /home/msc-mixex-reality/UDPSimulatorNode/ros2_ws/install/turtlesim/include/turtlesim/turtlesim/msg/detail/pose__rosidl_typesupport_fastrtps_c.h
[0.695s] -- Up-to-date: /home/msc-mixex-reality/UDPSimulatorNode/ros2_ws/install/turtlesim/include/turtlesim/turtlesim/msg/detail/color__rosidl_typesupport_fastrtps_c.h
[0.696s] -- Up-to-date: /home/msc-mixex-reality/UDPSimulatorNode/ros2_ws/install/turtlesim/include/turtlesim/turtlesim/action
[0.696s] -- Up-to-date: /home/msc-mixex-reality/UDPSimulatorNode/ros2_ws/install/turtlesim/include/turtlesim/turtlesim/action/detail
[0.696s] -- Up-to-date: /home/msc-mixex-reality/UDPSimulatorNode/ros2_ws/install/turtlesim/include/turtlesim/turtlesim/action/detail/rotate_absolute__rosidl_typesupport_fastrtps_c.h
[0.697s] -- Up-to-date: /home/msc-mixex-reality/UDPSimulatorNode/ros2_ws/install/turtlesim/lib/libturtlesim__rosidl_typesupport_fastrtps_c.so
[0.697s] -- Up-to-date: /home/msc-mixex-reality/UDPSimulatorNode/ros2_ws/install/turtlesim/include/turtlesim/turtlesim
[0.697s] -- Up-to-date: /home/msc-mixex-reality/UDPSimulatorNode/ros2_ws/install/turtlesim/include/turtlesim/turtlesim/srv
[0.697s] -- Up-to-date: /home/msc-mixex-reality/UDPSimulatorNode/ros2_ws/install/turtlesim/include/turtlesim/turtlesim/srv/kill.hpp
[0.697s] -- Up-to-date: /home/msc-mixex-reality/UDPSimulatorNode/ros2_ws/install/turtlesim/include/turtlesim/turtlesim/srv/set_pen.hpp
[0.697s] -- Up-to-date: /home/msc-mixex-reality/UDPSimulatorNode/ros2_ws/install/turtlesim/include/turtlesim/turtlesim/srv/detail
[0.697s] -- Up-to-date: /home/msc-mixex-reality/UDPSimulatorNode/ros2_ws/install/turtlesim/include/turtlesim/turtlesim/srv/detail/spawn__builder.hpp
[0.697s] -- Up-to-date: /home/msc-mixex-reality/UDPSimulatorNode/ros2_ws/install/turtlesim/include/turtlesim/turtlesim/srv/detail/set_pen__builder.hpp
[0.698s] -- Up-to-date: /home/msc-mixex-reality/UDPSimulatorNode/ros2_ws/install/turtlesim/include/turtlesim/turtlesim/srv/detail/kill__builder.hpp
[0.698s] -- Up-to-date: /home/msc-mixex-reality/UDPSimulatorNode/ros2_ws/install/turtlesim/include/turtlesim/turtlesim/srv/detail/teleport_absolute__traits.hpp
[0.698s] -- Up-to-date: /home/msc-mixex-reality/UDPSimulatorNode/ros2_ws/install/turtlesim/include/turtlesim/turtlesim/srv/detail/teleport_absolute__struct.hpp
[0.698s] -- Up-to-date: /home/msc-mixex-reality/UDPSimulatorNode/ros2_ws/install/turtlesim/include/turtlesim/turtlesim/srv/detail/set_pen__struct.hpp
[0.698s] -- Up-to-date: /home/msc-mixex-reality/UDPSimulatorNode/ros2_ws/install/turtlesim/include/turtlesim/turtlesim/srv/detail/teleport_absolute__builder.hpp
[0.698s] -- Up-to-date: /home/msc-mixex-reality/UDPSimulatorNode/ros2_ws/install/turtlesim/include/turtlesim/turtlesim/srv/detail/spawn__struct.hpp
[0.698s] -- Up-to-date: /home/msc-mixex-reality/UDPSimulatorNode/ros2_ws/install/turtlesim/include/turtlesim/turtlesim/srv/detail/kill__traits.hpp
[0.698s] -- Up-to-date: /home/msc-mixex-reality/UDPSimulatorNode/ros2_ws/install/turtlesim/include/turtlesim/turtlesim/srv/detail/kill__struct.hpp
[0.698s] -- Up-to-date: /home/msc-mixex-reality/UDPSimulatorNode/ros2_ws/install/turtlesim/include/turtlesim/turtlesim/srv/detail/set_pen__traits.hpp
[0.698s] -- Up-to-date: /home/msc-mixex-reality/UDPSimulatorNode/ros2_ws/install/turtlesim/include/turtlesim/turtlesim/srv/detail/teleport_relative__traits.hpp
[0.699s] -- Up-to-date: /home/msc-mixex-reality/UDPSimulatorNode/ros2_ws/install/turtlesim/include/turtlesim/turtlesim/srv/detail/teleport_relative__builder.hpp
[0.699s] -- Up-to-date: /home/msc-mixex-reality/UDPSimulatorNode/ros2_ws/install/turtlesim/include/turtlesim/turtlesim/srv/detail/teleport_relative__struct.hpp
[0.699s] -- Up-to-date: /home/msc-mixex-reality/UDPSimulatorNode/ros2_ws/install/turtlesim/include/turtlesim/turtlesim/srv/detail/spawn__traits.hpp
[0.699s] -- Up-to-date: /home/msc-mixex-reality/UDPSimulatorNode/ros2_ws/install/turtlesim/include/turtlesim/turtlesim/srv/spawn.hpp
[0.699s] -- Up-to-date: /home/msc-mixex-reality/UDPSimulatorNode/ros2_ws/install/turtlesim/include/turtlesim/turtlesim/srv/teleport_absolute.hpp
[0.699s] -- Up-to-date: /home/msc-mixex-reality/UDPSimulatorNode/ros2_ws/install/turtlesim/include/turtlesim/turtlesim/srv/teleport_relative.hpp
[0.699s] -- Up-to-date: /home/msc-mixex-reality/UDPSimulatorNode/ros2_ws/install/turtlesim/include/turtlesim/turtlesim/msg
[0.699s] -- Up-to-date: /home/msc-mixex-reality/UDPSimulatorNode/ros2_ws/install/turtlesim/include/turtlesim/turtlesim/msg/color.hpp
[0.699s] -- Up-to-date: /home/msc-mixex-reality/UDPSimulatorNode/ros2_ws/install/turtlesim/include/turtlesim/turtlesim/msg/detail
[0.699s] -- Up-to-date: /home/msc-mixex-reality/UDPSimulatorNode/ros2_ws/install/turtlesim/include/turtlesim/turtlesim/msg/detail/color__traits.hpp
[0.700s] -- Up-to-date: /home/msc-mixex-reality/UDPSimulatorNode/ros2_ws/install/turtlesim/include/turtlesim/turtlesim/msg/detail/pose__traits.hpp
[0.700s] -- Up-to-date: /home/msc-mixex-reality/UDPSimulatorNode/ros2_ws/install/turtlesim/include/turtlesim/turtlesim/msg/detail/pose__struct.hpp
[0.700s] -- Up-to-date: /home/msc-mixex-reality/UDPSimulatorNode/ros2_ws/install/turtlesim/include/turtlesim/turtlesim/msg/detail/color__builder.hpp
[0.700s] -- Up-to-date: /home/msc-mixex-reality/UDPSimulatorNode/ros2_ws/install/turtlesim/include/turtlesim/turtlesim/msg/detail/pose__builder.hpp
[0.700s] -- Up-to-date: /home/msc-mixex-reality/UDPSimulatorNode/ros2_ws/install/turtlesim/include/turtlesim/turtlesim/msg/detail/color__struct.hpp
[0.700s] -- Up-to-date: /home/msc-mixex-reality/UDPSimulatorNode/ros2_ws/install/turtlesim/include/turtlesim/turtlesim/msg/pose.hpp
[0.700s] -- Up-to-date: /home/msc-mixex-reality/UDPSimulatorNode/ros2_ws/install/turtlesim/include/turtlesim/turtlesim/action
[0.700s] -- Up-to-date: /home/msc-mixex-reality/UDPSimulatorNode/ros2_ws/install/turtlesim/include/turtlesim/turtlesim/action/detail
[0.700s] -- Up-to-date: /home/msc-mixex-reality/UDPSimulatorNode/ros2_ws/install/turtlesim/include/turtlesim/turtlesim/action/detail/rotate_absolute__struct.hpp
[0.701s] -- Up-to-date: /home/msc-mixex-reality/UDPSimulatorNode/ros2_ws/install/turtlesim/include/turtlesim/turtlesim/action/detail/rotate_absolute__builder.hpp
[0.701s] -- Up-to-date: /home/msc-mixex-reality/UDPSimulatorNode/ros2_ws/install/turtlesim/include/turtlesim/turtlesim/action/detail/rotate_absolute__traits.hpp
[0.701s] -- Up-to-date: /home/msc-mixex-reality/UDPSimulatorNode/ros2_ws/install/turtlesim/include/turtlesim/turtlesim/action/rotate_absolute.hpp
[0.701s] -- Up-to-date: /home/msc-mixex-reality/UDPSimulatorNode/ros2_ws/install/turtlesim/include/turtlesim/turtlesim
[0.701s] -- Up-to-date: /home/msc-mixex-reality/UDPSimulatorNode/ros2_ws/install/turtlesim/include/turtlesim/turtlesim/srv
[0.701s] -- Up-to-date: /home/msc-mixex-reality/UDPSimulatorNode/ros2_ws/install/turtlesim/include/turtlesim/turtlesim/srv/detail
[0.701s] -- Up-to-date: /home/msc-mixex-reality/UDPSimulatorNode/ros2_ws/install/turtlesim/include/turtlesim/turtlesim/srv/detail/set_pen__rosidl_typesupport_fastrtps_cpp.hpp
[0.701s] -- Up-to-date: /home/msc-mixex-reality/UDPSimulatorNode/ros2_ws/install/turtlesim/include/turtlesim/turtlesim/srv/detail/teleport_absolute__rosidl_typesupport_fastrtps_cpp.hpp
[0.701s] -- Up-to-date: /home/msc-mixex-reality/UDPSimulatorNode/ros2_ws/install/turtlesim/include/turtlesim/turtlesim/srv/detail/kill__rosidl_typesupport_fastrtps_cpp.hpp
[0.701s] -- Up-to-date: /home/msc-mixex-reality/UDPSimulatorNode/ros2_ws/install/turtlesim/include/turtlesim/turtlesim/srv/detail/teleport_relative__rosidl_typesupport_fastrtps_cpp.hpp
[0.702s] -- Up-to-date: /home/msc-mixex-reality/UDPSimulatorNode/ros2_ws/install/turtlesim/include/turtlesim/turtlesim/srv/detail/spawn__rosidl_typesupport_fastrtps_cpp.hpp
[0.702s] -- Up-to-date: /home/msc-mixex-reality/UDPSimulatorNode/ros2_ws/install/turtlesim/include/turtlesim/turtlesim/srv/detail/dds_fastrtps
[0.702s] -- Up-to-date: /home/msc-mixex-reality/UDPSimulatorNode/ros2_ws/install/turtlesim/include/turtlesim/turtlesim/msg
[0.702s] -- Up-to-date: /home/msc-mixex-reality/UDPSimulatorNode/ros2_ws/install/turtlesim/include/turtlesim/turtlesim/msg/detail
[0.702s] -- Up-to-date: /home/msc-mixex-reality/UDPSimulatorNode/ros2_ws/install/turtlesim/include/turtlesim/turtlesim/msg/detail/pose__rosidl_typesupport_fastrtps_cpp.hpp
[0.702s] -- Up-to-date: /home/msc-mixex-reality/UDPSimulatorNode/ros2_ws/install/turtlesim/include/turtlesim/turtlesim/msg/detail/dds_fastrtps
[0.702s] -- Up-to-date: /home/msc-mixex-reality/UDPSimulatorNode/ros2_ws/install/turtlesim/include/turtlesim/turtlesim/msg/detail/color__rosidl_typesupport_fastrtps_cpp.hpp
[0.702s] -- Up-to-date: /home/msc-mixex-reality/UDPSimulatorNode/ros2_ws/install/turtlesim/include/turtlesim/turtlesim/msg/rosidl_typesupport_fastrtps_cpp__visibility_control.h
[0.702s] -- Up-to-date: /home/msc-mixex-reality/UDPSimulatorNode/ros2_ws/install/turtlesim/include/turtlesim/turtlesim/action
[0.702s] -- Up-to-date: /home/msc-mixex-reality/UDPSimulatorNode/ros2_ws/install/turtlesim/include/turtlesim/turtlesim/action/detail
[0.703s] -- Up-to-date: /home/msc-mixex-reality/UDPSimulatorNode/ros2_ws/install/turtlesim/include/turtlesim/turtlesim/action/detail/rotate_absolute__rosidl_typesupport_fastrtps_cpp.hpp
[0.703s] -- Up-to-date: /home/msc-mixex-reality/UDPSimulatorNode/ros2_ws/install/turtlesim/include/turtlesim/turtlesim/action/detail/dds_fastrtps
[0.703s] -- Up-to-date: /home/msc-mixex-reality/UDPSimulatorNode/ros2_ws/install/turtlesim/lib/libturtlesim__rosidl_typesupport_fastrtps_cpp.so
[0.703s] -- Up-to-date: /home/msc-mixex-reality/UDPSimulatorNode/ros2_ws/install/turtlesim/include/turtlesim/turtlesim
[0.703s] -- Up-to-date: /home/msc-mixex-reality/UDPSimulatorNode/ros2_ws/install/turtlesim/include/turtlesim/turtlesim/srv
[0.703s] -- Up-to-date: /home/msc-mixex-reality/UDPSimulatorNode/ros2_ws/install/turtlesim/include/turtlesim/turtlesim/srv/detail
[0.703s] -- Up-to-date: /home/msc-mixex-reality/UDPSimulatorNode/ros2_ws/install/turtlesim/include/turtlesim/turtlesim/srv/detail/kill__rosidl_typesupport_introspection_c.h
[0.703s] -- Up-to-date: /home/msc-mixex-reality/UDPSimulatorNode/ros2_ws/install/turtlesim/include/turtlesim/turtlesim/srv/detail/spawn__type_support.c
[0.703s] -- Up-to-date: /home/msc-mixex-reality/UDPSimulatorNode/ros2_ws/install/turtlesim/include/turtlesim/turtlesim/srv/detail/spawn__rosidl_typesupport_introspection_c.h
[0.703s] -- Up-to-date: /home/msc-mixex-reality/UDPSimulatorNode/ros2_ws/install/turtlesim/include/turtlesim/turtlesim/srv/detail/teleport_absolute__type_support.c
[0.703s] -- Up-to-date: /home/msc-mixex-reality/UDPSimulatorNode/ros2_ws/install/turtlesim/include/turtlesim/turtlesim/srv/detail/kill__type_support.c
[0.703s] -- Up-to-date: /home/msc-mixex-reality/UDPSimulatorNode/ros2_ws/install/turtlesim/include/turtlesim/turtlesim/srv/detail/set_pen__rosidl_typesupport_introspection_c.h
[0.704s] -- Up-to-date: /home/msc-mixex-reality/UDPSimulatorNode/ros2_ws/install/turtlesim/include/turtlesim/turtlesim/srv/detail/teleport_relative__rosidl_typesupport_introspection_c.h
[0.704s] -- Up-to-date: /home/msc-mixex-reality/UDPSimulatorNode/ros2_ws/install/turtlesim/include/turtlesim/turtlesim/srv/detail/teleport_absolute__rosidl_typesupport_introspection_c.h
[0.704s] -- Up-to-date: /home/msc-mixex-reality/UDPSimulatorNode/ros2_ws/install/turtlesim/include/turtlesim/turtlesim/srv/detail/set_pen__type_support.c
[0.704s] -- Up-to-date: /home/msc-mixex-reality/UDPSimulatorNode/ros2_ws/install/turtlesim/include/turtlesim/turtlesim/srv/detail/teleport_relative__type_support.c
[0.704s] -- Up-to-date: /home/msc-mixex-reality/UDPSimulatorNode/ros2_ws/install/turtlesim/include/turtlesim/turtlesim/msg
[0.704s] -- Up-to-date: /home/msc-mixex-reality/UDPSimulatorNode/ros2_ws/install/turtlesim/include/turtlesim/turtlesim/msg/rosidl_typesupport_introspection_c__visibility_control.h
[0.704s] -- Up-to-date: /home/msc-mixex-reality/UDPSimulatorNode/ros2_ws/install/turtlesim/include/turtlesim/turtlesim/msg/detail
[0.704s] -- Up-to-date: /home/msc-mixex-reality/UDPSimulatorNode/ros2_ws/install/turtlesim/include/turtlesim/turtlesim/msg/detail/pose__type_support.c
[0.704s] -- Up-to-date: /home/msc-mixex-reality/UDPSimulatorNode/ros2_ws/install/turtlesim/include/turtlesim/turtlesim/msg/detail/color__rosidl_typesupport_introspection_c.h
[0.705s] -- Up-to-date: /home/msc-mixex-reality/UDPSimulatorNode/ros2_ws/install/turtlesim/include/turtlesim/turtlesim/msg/detail/color__type_support.c
[0.705s] -- Up-to-date: /home/msc-mixex-reality/UDPSimulatorNode/ros2_ws/install/turtlesim/include/turtlesim/turtlesim/msg/detail/pose__rosidl_typesupport_introspection_c.h
[0.705s] -- Up-to-date: /home/msc-mixex-reality/UDPSimulatorNode/ros2_ws/install/turtlesim/include/turtlesim/turtlesim/action
[0.705s] -- Up-to-date: /home/msc-mixex-reality/UDPSimulatorNode/ros2_ws/install/turtlesim/include/turtlesim/turtlesim/action/detail
[0.705s] -- Up-to-date: /home/msc-mixex-reality/UDPSimulatorNode/ros2_ws/install/turtlesim/include/turtlesim/turtlesim/action/detail/rotate_absolute__rosidl_typesupport_introspection_c.h
[0.705s] -- Up-to-date: /home/msc-mixex-reality/UDPSimulatorNode/ros2_ws/install/turtlesim/include/turtlesim/turtlesim/action/detail/rotate_absolute__type_support.c
[0.705s] -- Up-to-date: /home/msc-mixex-reality/UDPSimulatorNode/ros2_ws/install/turtlesim/lib/libturtlesim__rosidl_typesupport_introspection_c.so
[0.705s] -- Up-to-date: /home/msc-mixex-reality/UDPSimulatorNode/ros2_ws/install/turtlesim/lib/libturtlesim__rosidl_typesupport_c.so
[0.705s] -- Up-to-date: /home/msc-mixex-reality/UDPSimulatorNode/ros2_ws/install/turtlesim/include/turtlesim/turtlesim
[0.705s] -- Up-to-date: /home/msc-mixex-reality/UDPSimulatorNode/ros2_ws/install/turtlesim/include/turtlesim/turtlesim/srv
[0.705s] -- Up-to-date: /home/msc-mixex-reality/UDPSimulatorNode/ros2_ws/install/turtlesim/include/turtlesim/turtlesim/srv/detail
[0.705s] -- Up-to-date: /home/msc-mixex-reality/UDPSimulatorNode/ros2_ws/install/turtlesim/include/turtlesim/turtlesim/srv/detail/teleport_absolute__rosidl_typesupport_introspection_cpp.hpp
[0.705s] -- Up-to-date: /home/msc-mixex-reality/UDPSimulatorNode/ros2_ws/install/turtlesim/include/turtlesim/turtlesim/srv/detail/set_pen__type_support.cpp
[0.705s] -- Up-to-date: /home/msc-mixex-reality/UDPSimulatorNode/ros2_ws/install/turtlesim/include/turtlesim/turtlesim/srv/detail/spawn__type_support.cpp
[0.705s] -- Up-to-date: /home/msc-mixex-reality/UDPSimulatorNode/ros2_ws/install/turtlesim/include/turtlesim/turtlesim/srv/detail/kill__rosidl_typesupport_introspection_cpp.hpp
[0.706s] -- Up-to-date: /home/msc-mixex-reality/UDPSimulatorNode/ros2_ws/install/turtlesim/include/turtlesim/turtlesim/srv/detail/set_pen__rosidl_typesupport_introspection_cpp.hpp
[0.706s] -- Up-to-date: /home/msc-mixex-reality/UDPSimulatorNode/ros2_ws/install/turtlesim/include/turtlesim/turtlesim/srv/detail/teleport_absolute__type_support.cpp
[0.706s] -- Up-to-date: /home/msc-mixex-reality/UDPSimulatorNode/ros2_ws/install/turtlesim/include/turtlesim/turtlesim/srv/detail/teleport_relative__rosidl_typesupport_introspection_cpp.hpp
[0.706s] -- Up-to-date: /home/msc-mixex-reality/UDPSimulatorNode/ros2_ws/install/turtlesim/include/turtlesim/turtlesim/srv/detail/kill__type_support.cpp
[0.706s] -- Up-to-date: /home/msc-mixex-reality/UDPSimulatorNode/ros2_ws/install/turtlesim/include/turtlesim/turtlesim/srv/detail/spawn__rosidl_typesupport_introspection_cpp.hpp
[0.706s] -- Up-to-date: /home/msc-mixex-reality/UDPSimulatorNode/ros2_ws/install/turtlesim/include/turtlesim/turtlesim/srv/detail/teleport_relative__type_support.cpp
[0.706s] -- Up-to-date: /home/msc-mixex-reality/UDPSimulatorNode/ros2_ws/install/turtlesim/include/turtlesim/turtlesim/msg
[0.706s] -- Up-to-date: /home/msc-mixex-reality/UDPSimulatorNode/ros2_ws/install/turtlesim/include/turtlesim/turtlesim/msg/detail
[0.706s] -- Up-to-date: /home/msc-mixex-reality/UDPSimulatorNode/ros2_ws/install/turtlesim/include/turtlesim/turtlesim/msg/detail/pose__type_support.cpp
[0.706s] -- Up-to-date: /home/msc-mixex-reality/UDPSimulatorNode/ros2_ws/install/turtlesim/include/turtlesim/turtlesim/msg/detail/pose__rosidl_typesupport_introspection_cpp.hpp
[0.707s] -- Up-to-date: /home/msc-mixex-reality/UDPSimulatorNode/ros2_ws/install/turtlesim/include/turtlesim/turtlesim/msg/detail/color__type_support.cpp
[0.707s] -- Up-to-date: /home/msc-mixex-reality/UDPSimulatorNode/ros2_ws/install/turtlesim/include/turtlesim/turtlesim/msg/detail/color__rosidl_typesupport_introspection_cpp.hpp
[0.707s] -- Up-to-date: /home/msc-mixex-reality/UDPSimulatorNode/ros2_ws/install/turtlesim/include/turtlesim/turtlesim/action
[0.707s] -- Up-to-date: /home/msc-mixex-reality/UDPSimulatorNode/ros2_ws/install/turtlesim/include/turtlesim/turtlesim/action/detail
[0.707s] -- Up-to-date: /home/msc-mixex-reality/UDPSimulatorNode/ros2_ws/install/turtlesim/include/turtlesim/turtlesim/action/detail/rotate_absolute__type_support.cpp
[0.707s] -- Up-to-date: /home/msc-mixex-reality/UDPSimulatorNode/ros2_ws/install/turtlesim/include/turtlesim/turtlesim/action/detail/rotate_absolute__rosidl_typesupport_introspection_cpp.hpp
[0.707s] -- Up-to-date: /home/msc-mixex-reality/UDPSimulatorNode/ros2_ws/install/turtlesim/lib/libturtlesim__rosidl_typesupport_introspection_cpp.so
[0.707s] -- Up-to-date: /home/msc-mixex-reality/UDPSimulatorNode/ros2_ws/install/turtlesim/lib/libturtlesim__rosidl_typesupport_cpp.so
[0.707s] -- Up-to-date: /home/msc-mixex-reality/UDPSimulatorNode/ros2_ws/install/turtlesim/share/turtlesim/environment/pythonpath.sh
[0.707s] -- Up-to-date: /home/msc-mixex-reality/UDPSimulatorNode/ros2_ws/install/turtlesim/share/turtlesim/environment/pythonpath.dsv
[0.708s] -- Up-to-date: /home/msc-mixex-reality/UDPSimulatorNode/ros2_ws/install/turtlesim/local/lib/python3.10/dist-packages/turtlesim-1.4.2-py3.10.egg-info
[0.708s] -- Installing: /home/msc-mixex-reality/UDPSimulatorNode/ros2_ws/install/turtlesim/local/lib/python3.10/dist-packages/turtlesim-1.4.2-py3.10.egg-info/PKG-INFO
[0.708s] -- Installing: /home/msc-mixex-reality/UDPSimulatorNode/ros2_ws/install/turtlesim/local/lib/python3.10/dist-packages/turtlesim-1.4.2-py3.10.egg-info/SOURCES.txt
[0.708s] -- Installing: /home/msc-mixex-reality/UDPSimulatorNode/ros2_ws/install/turtlesim/local/lib/python3.10/dist-packages/turtlesim-1.4.2-py3.10.egg-info/top_level.txt
[0.708s] -- Installing: /home/msc-mixex-reality/UDPSimulatorNode/ros2_ws/install/turtlesim/local/lib/python3.10/dist-packages/turtlesim-1.4.2-py3.10.egg-info/dependency_links.txt
[0.708s] -- Up-to-date: /home/msc-mixex-reality/UDPSimulatorNode/ros2_ws/install/turtlesim/local/lib/python3.10/dist-packages/turtlesim
[0.708s] -- Up-to-date: /home/msc-mixex-reality/UDPSimulatorNode/ros2_ws/install/turtlesim/local/lib/python3.10/dist-packages/turtlesim/__init__.py
[0.708s] -- Up-to-date: /home/msc-mixex-reality/UDPSimulatorNode/ros2_ws/install/turtlesim/local/lib/python3.10/dist-packages/turtlesim/_turtlesim_s.ep.rosidl_typesupport_fastrtps_c.c
[0.708s] -- Up-to-date: /home/msc-mixex-reality/UDPSimulatorNode/ros2_ws/install/turtlesim/local/lib/python3.10/dist-packages/turtlesim/srv
[0.708s] -- Up-to-date: /home/msc-mixex-reality/UDPSimulatorNode/ros2_ws/install/turtlesim/local/lib/python3.10/dist-packages/turtlesim/srv/_set_pen.py
[0.709s] -- Up-to-date: /home/msc-mixex-reality/UDPSimulatorNode/ros2_ws/install/turtlesim/local/lib/python3.10/dist-packages/turtlesim/srv/_spawn_s.c
[0.709s] -- Up-to-date: /home/msc-mixex-reality/UDPSimulatorNode/ros2_ws/install/turtlesim/local/lib/python3.10/dist-packages/turtlesim/srv/_kill.py
[0.709s] -- Up-to-date: /home/msc-mixex-reality/UDPSimulatorNode/ros2_ws/install/turtlesim/local/lib/python3.10/dist-packages/turtlesim/srv/_teleport_absolute.py
[0.709s] -- Up-to-date: /home/msc-mixex-reality/UDPSimulatorNode/ros2_ws/install/turtlesim/local/lib/python3.10/dist-packages/turtlesim/srv/__init__.py
[0.709s] -- Up-to-date: /home/msc-mixex-reality/UDPSimulatorNode/ros2_ws/install/turtlesim/local/lib/python3.10/dist-packages/turtlesim/srv/_spawn.py
[0.709s] -- Up-to-date: /home/msc-mixex-reality/UDPSimulatorNode/ros2_ws/install/turtlesim/local/lib/python3.10/dist-packages/turtlesim/srv/_teleport_relative.py
[0.709s] -- Up-to-date: /home/msc-mixex-reality/UDPSimulatorNode/ros2_ws/install/turtlesim/local/lib/python3.10/dist-packages/turtlesim/srv/_teleport_absolute_s.c
[0.709s] -- Up-to-date: /home/msc-mixex-reality/UDPSimulatorNode/ros2_ws/install/turtlesim/local/lib/python3.10/dist-packages/turtlesim/srv/_set_pen_s.c
[0.709s] -- Up-to-date: /home/msc-mixex-reality/UDPSimulatorNode/ros2_ws/install/turtlesim/local/lib/python3.10/dist-packages/turtlesim/srv/_teleport_relative_s.c
[0.709s] -- Up-to-date: /home/msc-mixex-reality/UDPSimulatorNode/ros2_ws/install/turtlesim/local/lib/python3.10/dist-packages/turtlesim/srv/_kill_s.c
[0.710s] -- Up-to-date: /home/msc-mixex-reality/UDPSimulatorNode/ros2_ws/install/turtlesim/local/lib/python3.10/dist-packages/turtlesim/turtlesim_s__rosidl_typesupport_fastrtps_c.cpython-310-x86_64-linux-gnu.so
[0.710s] -- Up-to-date: /home/msc-mixex-reality/UDPSimulatorNode/ros2_ws/install/turtlesim/local/lib/python3.10/dist-packages/turtlesim/libturtlesim__rosidl_generator_py.so
[0.710s] -- Up-to-date: /home/msc-mixex-reality/UDPSimulatorNode/ros2_ws/install/turtlesim/local/lib/python3.10/dist-packages/turtlesim/turtlesim_s__rosidl_typesupport_c.cpython-310-x86_64-linux-gnu.so
[0.710s] -- Up-to-date: /home/msc-mixex-reality/UDPSimulatorNode/ros2_ws/install/turtlesim/local/lib/python3.10/dist-packages/turtlesim/msg
[0.710s] -- Up-to-date: /home/msc-mixex-reality/UDPSimulatorNode/ros2_ws/install/turtlesim/local/lib/python3.10/dist-packages/turtlesim/msg/__init__.py
[0.710s] -- Up-to-date: /home/msc-mixex-reality/UDPSimulatorNode/ros2_ws/install/turtlesim/local/lib/python3.10/dist-packages/turtlesim/msg/_color.py
[0.710s] -- Up-to-date: /home/msc-mixex-reality/UDPSimulatorNode/ros2_ws/install/turtlesim/local/lib/python3.10/dist-packages/turtlesim/msg/_pose_s.c
[0.710s] -- Up-to-date: /home/msc-mixex-reality/UDPSimulatorNode/ros2_ws/install/turtlesim/local/lib/python3.10/dist-packages/turtlesim/msg/_color_s.c
[0.710s] -- Up-to-date: /home/msc-mixex-reality/UDPSimulatorNode/ros2_ws/install/turtlesim/local/lib/python3.10/dist-packages/turtlesim/msg/_pose.py
[0.710s] -- Up-to-date: /home/msc-mixex-reality/UDPSimulatorNode/ros2_ws/install/turtlesim/local/lib/python3.10/dist-packages/turtlesim/action
[0.711s] -- Up-to-date: /home/msc-mixex-reality/UDPSimulatorNode/ros2_ws/install/turtlesim/local/lib/python3.10/dist-packages/turtlesim/action/__init__.py
[0.711s] -- Up-to-date: /home/msc-mixex-reality/UDPSimulatorNode/ros2_ws/install/turtlesim/local/lib/python3.10/dist-packages/turtlesim/action/_rotate_absolute.py
[0.711s] -- Up-to-date: /home/msc-mixex-reality/UDPSimulatorNode/ros2_ws/install/turtlesim/local/lib/python3.10/dist-packages/turtlesim/action/_rotate_absolute_s.c
[0.711s] -- Up-to-date: /home/msc-mixex-reality/UDPSimulatorNode/ros2_ws/install/turtlesim/local/lib/python3.10/dist-packages/turtlesim/_turtlesim_s.ep.rosidl_typesupport_c.c
[0.711s] -- Up-to-date: /home/msc-mixex-reality/UDPSimulatorNode/ros2_ws/install/turtlesim/local/lib/python3.10/dist-packages/turtlesim/_turtlesim_s.ep.rosidl_typesupport_introspection_c.c
[0.711s] -- Up-to-date: /home/msc-mixex-reality/UDPSimulatorNode/ros2_ws/install/turtlesim/local/lib/python3.10/dist-packages/turtlesim/turtlesim_s__rosidl_typesupport_introspection_c.cpython-310-x86_64-linux-gnu.so
[0.734s] Listing '/home/msc-mixex-reality/UDPSimulatorNode/ros2_ws/install/turtlesim/local/lib/python3.10/dist-packages/turtlesim'...
[0.734s] Listing '/home/msc-mixex-reality/UDPSimulatorNode/ros2_ws/install/turtlesim/local/lib/python3.10/dist-packages/turtlesim/action'...
[0.735s] Listing '/home/msc-mixex-reality/UDPSimulatorNode/ros2_ws/install/turtlesim/local/lib/python3.10/dist-packages/turtlesim/msg'...
[0.735s] Listing '/home/msc-mixex-reality/UDPSimulatorNode/ros2_ws/install/turtlesim/local/lib/python3.10/dist-packages/turtlesim/srv'...
[0.740s] -- Up-to-date: /home/msc-mixex-reality/UDPSimulatorNode/ros2_ws/install/turtlesim/local/lib/python3.10/dist-packages/turtlesim/turtlesim_s__rosidl_typesupport_fastrtps_c.cpython-310-x86_64-linux-gnu.so
[0.740s] -- Up-to-date: /home/msc-mixex-reality/UDPSimulatorNode/ros2_ws/install/turtlesim/local/lib/python3.10/dist-packages/turtlesim/turtlesim_s__rosidl_typesupport_introspection_c.cpython-310-x86_64-linux-gnu.so
[0.741s] -- Up-to-date: /home/msc-mixex-reality/UDPSimulatorNode/ros2_ws/install/turtlesim/local/lib/python3.10/dist-packages/turtlesim/turtlesim_s__rosidl_typesupport_c.cpython-310-x86_64-linux-gnu.so
[0.741s] -- Up-to-date: /home/msc-mixex-reality/UDPSimulatorNode/ros2_ws/install/turtlesim/lib/libturtlesim__rosidl_generator_py.so
[0.742s] -- Up-to-date: /home/msc-mixex-reality/UDPSimulatorNode/ros2_ws/install/turtlesim/share/turtlesim/action/RotateAbsolute.idl
[0.742s] -- Up-to-date: /home/msc-mixex-reality/UDPSimulatorNode/ros2_ws/install/turtlesim/share/turtlesim/msg/Color.idl
[0.742s] -- Up-to-date: /home/msc-mixex-reality/UDPSimulatorNode/ros2_ws/install/turtlesim/share/turtlesim/msg/Pose.idl
[0.742s] -- Up-to-date: /home/msc-mixex-reality/UDPSimulatorNode/ros2_ws/install/turtlesim/share/turtlesim/srv/Kill.idl
[0.742s] -- Up-to-date: /home/msc-mixex-reality/UDPSimulatorNode/ros2_ws/install/turtlesim/share/turtlesim/srv/SetPen.idl
[0.742s] -- Up-to-date: /home/msc-mixex-reality/UDPSimulatorNode/ros2_ws/install/turtlesim/share/turtlesim/srv/Spawn.idl
[0.743s] -- Up-to-date: /home/msc-mixex-reality/UDPSimulatorNode/ros2_ws/install/turtlesim/share/turtlesim/srv/TeleportAbsolute.idl
[0.743s] -- Up-to-date: /home/msc-mixex-reality/UDPSimulatorNode/ros2_ws/install/turtlesim/share/turtlesim/srv/TeleportRelative.idl
[0.743s] -- Up-to-date: /home/msc-mixex-reality/UDPSimulatorNode/ros2_ws/install/turtlesim/share/turtlesim/action/RotateAbsolute.action
[0.743s] -- Up-to-date: /home/msc-mixex-reality/UDPSimulatorNode/ros2_ws/install/turtlesim/share/turtlesim/msg/Color.msg
[0.743s] -- Up-to-date: /home/msc-mixex-reality/UDPSimulatorNode/ros2_ws/install/turtlesim/share/turtlesim/msg/Pose.msg
[0.743s] -- Up-to-date: /home/msc-mixex-reality/UDPSimulatorNode/ros2_ws/install/turtlesim/share/turtlesim/srv/Kill.srv
[0.744s] -- Up-to-date: /home/msc-mixex-reality/UDPSimulatorNode/ros2_ws/install/turtlesim/share/turtlesim/srv/Kill_Request.msg
[0.744s] -- Up-to-date: /home/msc-mixex-reality/UDPSimulatorNode/ros2_ws/install/turtlesim/share/turtlesim/srv/Kill_Response.msg
[0.744s] -- Up-to-date: /home/msc-mixex-reality/UDPSimulatorNode/ros2_ws/install/turtlesim/share/turtlesim/srv/SetPen.srv
[0.744s] -- Up-to-date: /home/msc-mixex-reality/UDPSimulatorNode/ros2_ws/install/turtlesim/share/turtlesim/srv/SetPen_Request.msg
[0.744s] -- Up-to-date: /home/msc-mixex-reality/UDPSimulatorNode/ros2_ws/install/turtlesim/share/turtlesim/srv/SetPen_Response.msg
[0.744s] -- Up-to-date: /home/msc-mixex-reality/UDPSimulatorNode/ros2_ws/install/turtlesim/share/turtlesim/srv/Spawn.srv
[0.744s] -- Up-to-date: /home/msc-mixex-reality/UDPSimulatorNode/ros2_ws/install/turtlesim/share/turtlesim/srv/Spawn_Request.msg
[0.744s] -- Up-to-date: /home/msc-mixex-reality/UDPSimulatorNode/ros2_ws/install/turtlesim/share/turtlesim/srv/Spawn_Response.msg
[0.745s] -- Up-to-date: /home/msc-mixex-reality/UDPSimulatorNode/ros2_ws/install/turtlesim/share/turtlesim/srv/TeleportAbsolute.srv
[0.745s] -- Up-to-date: /home/msc-mixex-reality/UDPSimulatorNode/ros2_ws/install/turtlesim/share/turtlesim/srv/TeleportAbsolute_Request.msg
[0.745s] -- Up-to-date: /home/msc-mixex-reality/UDPSimulatorNode/ros2_ws/install/turtlesim/share/turtlesim/srv/TeleportAbsolute_Response.msg
[0.745s] -- Up-to-date: /home/msc-mixex-reality/UDPSimulatorNode/ros2_ws/install/turtlesim/share/turtlesim/srv/TeleportRelative.srv
[0.745s] -- Up-to-date: /home/msc-mixex-reality/UDPSimulatorNode/ros2_ws/install/turtlesim/share/turtlesim/srv/TeleportRelative_Request.msg
[0.745s] -- Up-to-date: /home/msc-mixex-reality/UDPSimulatorNode/ros2_ws/install/turtlesim/share/turtlesim/srv/TeleportRelative_Response.msg
[0.745s] -- Up-to-date: /home/msc-mixex-reality/UDPSimulatorNode/ros2_ws/install/turtlesim/lib/turtlesim/turtlesim_node
[0.745s] -- Up-to-date: /home/msc-mixex-reality/UDPSimulatorNode/ros2_ws/install/turtlesim/lib/turtlesim/turtle_teleop_key
[0.745s] -- Up-to-date: /home/msc-mixex-reality/UDPSimulatorNode/ros2_ws/install/turtlesim/lib/turtlesim/draw_square
[0.746s] -- Up-to-date: /home/msc-mixex-reality/UDPSimulatorNode/ros2_ws/install/turtlesim/lib/turtlesim/mimic
[0.746s] -- Up-to-date: /home/msc-mixex-reality/UDPSimulatorNode/ros2_ws/install/turtlesim/share/turtlesim/images
[0.746s] -- Up-to-date: /home/msc-mixex-reality/UDPSimulatorNode/ros2_ws/install/turtlesim/share/turtlesim/images/humble.png
[0.746s] -- Up-to-date: /home/msc-mixex-reality/UDPSimulatorNode/ros2_ws/install/turtlesim/share/turtlesim/images/ardent.png
[0.746s] -- Up-to-date: /home/msc-mixex-reality/UDPSimulatorNode/ros2_ws/install/turtlesim/share/turtlesim/images/bouncy.png
[0.747s] -- Up-to-date: /home/msc-mixex-reality/UDPSimulatorNode/ros2_ws/install/turtlesim/share/turtlesim/images/rolling.png
[0.747s] -- Up-to-date: /home/msc-mixex-reality/UDPSimulatorNode/ros2_ws/install/turtlesim/share/turtlesim/images/galactic.png
[0.747s] -- Up-to-date: /home/msc-mixex-reality/UDPSimulatorNode/ros2_ws/install/turtlesim/share/turtlesim/images/crystal.png
[0.747s] -- Up-to-date: /home/msc-mixex-reality/UDPSimulatorNode/ros2_ws/install/turtlesim/share/turtlesim/images/eloquent.png
[0.747s] -- Up-to-date: /home/msc-mixex-reality/UDPSimulatorNode/ros2_ws/install/turtlesim/share/turtlesim/images/dashing.png
[0.747s] -- Up-to-date: /home/msc-mixex-reality/UDPSimulatorNode/ros2_ws/install/turtlesim/share/turtlesim/images/foxy.png
[0.747s] -- Up-to-date: /home/msc-mixex-reality/UDPSimulatorNode/ros2_ws/install/turtlesim/share/turtlesim/launch
[0.747s] -- Up-to-date: /home/msc-mixex-reality/UDPSimulatorNode/ros2_ws/install/turtlesim/share/turtlesim/launch/multisim.launch.py
[0.748s] -- Up-to-date: /home/msc-mixex-reality/UDPSimulatorNode/ros2_ws/install/turtlesim/share/ament_index/resource_index/package_run_dependencies/turtlesim
[0.748s] -- Up-to-date: /home/msc-mixex-reality/UDPSimulatorNode/ros2_ws/install/turtlesim/share/ament_index/resource_index/parent_prefix_path/turtlesim
[0.748s] -- Up-to-date: /home/msc-mixex-reality/UDPSimulatorNode/ros2_ws/install/turtlesim/share/turtlesim/environment/ament_prefix_path.sh
[0.748s] -- Up-to-date: /home/msc-mixex-reality/UDPSimulatorNode/ros2_ws/install/turtlesim/share/turtlesim/environment/ament_prefix_path.dsv
[0.748s] -- Up-to-date: /home/msc-mixex-reality/UDPSimulatorNode/ros2_ws/install/turtlesim/share/turtlesim/environment/path.sh
[0.748s] -- Up-to-date: /home/msc-mixex-reality/UDPSimulatorNode/ros2_ws/install/turtlesim/share/turtlesim/environment/path.dsv
[0.748s] -- Up-to-date: /home/msc-mixex-reality/UDPSimulatorNode/ros2_ws/install/turtlesim/share/turtlesim/local_setup.bash
[0.748s] -- Up-to-date: /home/msc-mixex-reality/UDPSimulatorNode/ros2_ws/install/turtlesim/share/turtlesim/local_setup.sh
[0.748s] -- Up-to-date: /home/msc-mixex-reality/UDPSimulatorNode/ros2_ws/install/turtlesim/share/turtlesim/local_setup.zsh
[0.749s] -- Up-to-date: /home/msc-mixex-reality/UDPSimulatorNode/ros2_ws/install/turtlesim/share/turtlesim/local_setup.dsv
[0.749s] -- Installing: /home/msc-mixex-reality/UDPSimulatorNode/ros2_ws/install/turtlesim/share/turtlesim/package.dsv
[0.749s] -- Up-to-date: /home/msc-mixex-reality/UDPSimulatorNode/ros2_ws/install/turtlesim/share/ament_index/resource_index/packages/turtlesim
[0.749s] -- Up-to-date: /home/msc-mixex-reality/UDPSimulatorNode/ros2_ws/install/turtlesim/share/turtlesim/cmake/export_turtlesim__rosidl_generator_cExport.cmake
[0.749s] -- Up-to-date: /home/msc-mixex-reality/UDPSimulatorNode/ros2_ws/install/turtlesim/share/turtlesim/cmake/export_turtlesim__rosidl_generator_cExport-noconfig.cmake
[0.750s] -- Up-to-date: /home/msc-mixex-reality/UDPSimulatorNode/ros2_ws/install/turtlesim/share/turtlesim/cmake/export_turtlesim__rosidl_typesupport_fastrtps_cExport.cmake
[0.750s] -- Up-to-date: /home/msc-mixex-reality/UDPSimulatorNode/ros2_ws/install/turtlesim/share/turtlesim/cmake/export_turtlesim__rosidl_typesupport_fastrtps_cExport-noconfig.cmake
[0.750s] -- Up-to-date: /home/msc-mixex-reality/UDPSimulatorNode/ros2_ws/install/turtlesim/share/turtlesim/cmake/export_turtlesim__rosidl_generator_cppExport.cmake
[0.750s] -- Up-to-date: /home/msc-mixex-reality/UDPSimulatorNode/ros2_ws/install/turtlesim/share/turtlesim/cmake/export_turtlesim__rosidl_typesupport_fastrtps_cppExport.cmake
[0.750s] -- Up-to-date: /home/msc-mixex-reality/UDPSimulatorNode/ros2_ws/install/turtlesim/share/turtlesim/cmake/export_turtlesim__rosidl_typesupport_fastrtps_cppExport-noconfig.cmake
[0.750s] -- Up-to-date: /home/msc-mixex-reality/UDPSimulatorNode/ros2_ws/install/turtlesim/share/turtlesim/cmake/turtlesim__rosidl_typesupport_introspection_cExport.cmake
[0.751s] -- Up-to-date: /home/msc-mixex-reality/UDPSimulatorNode/ros2_ws/install/turtlesim/share/turtlesim/cmake/turtlesim__rosidl_typesupport_introspection_cExport-noconfig.cmake
[0.751s] -- Up-to-date: /home/msc-mixex-reality/UDPSimulatorNode/ros2_ws/install/turtlesim/share/turtlesim/cmake/turtlesim__rosidl_typesupport_cExport.cmake
[0.751s] -- Up-to-date: /home/msc-mixex-reality/UDPSimulatorNode/ros2_ws/install/turtlesim/share/turtlesim/cmake/turtlesim__rosidl_typesupport_cExport-noconfig.cmake
[0.751s] -- Up-to-date: /home/msc-mixex-reality/UDPSimulatorNode/ros2_ws/install/turtlesim/share/turtlesim/cmake/turtlesim__rosidl_typesupport_introspection_cppExport.cmake
[0.751s] -- Up-to-date: /home/msc-mixex-reality/UDPSimulatorNode/ros2_ws/install/turtlesim/share/turtlesim/cmake/turtlesim__rosidl_typesupport_introspection_cppExport-noconfig.cmake
[0.751s] -- Up-to-date: /home/msc-mixex-reality/UDPSimulatorNode/ros2_ws/install/turtlesim/share/turtlesim/cmake/turtlesim__rosidl_typesupport_cppExport.cmake
[0.751s] -- Up-to-date: /home/msc-mixex-reality/UDPSimulatorNode/ros2_ws/install/turtlesim/share/turtlesim/cmake/turtlesim__rosidl_typesupport_cppExport-noconfig.cmake
[0.751s] -- Up-to-date: /home/msc-mixex-reality/UDPSimulatorNode/ros2_ws/install/turtlesim/share/turtlesim/cmake/export_turtlesim__rosidl_generator_pyExport.cmake
[0.752s] -- Up-to-date: /home/msc-mixex-reality/UDPSimulatorNode/ros2_ws/install/turtlesim/share/turtlesim/cmake/export_turtlesim__rosidl_generator_pyExport-noconfig.cmake
[0.752s] -- Up-to-date: /home/msc-mixex-reality/UDPSimulatorNode/ros2_ws/install/turtlesim/share/turtlesim/cmake/rosidl_cmake-extras.cmake
[0.752s] -- Up-to-date: /home/msc-mixex-reality/UDPSimulatorNode/ros2_ws/install/turtlesim/share/turtlesim/cmake/ament_cmake_export_dependencies-extras.cmake
[0.752s] -- Up-to-date: /home/msc-mixex-reality/UDPSimulatorNode/ros2_ws/install/turtlesim/share/turtlesim/cmake/ament_cmake_export_include_directories-extras.cmake
[0.752s] -- Up-to-date: /home/msc-mixex-reality/UDPSimulatorNode/ros2_ws/install/turtlesim/share/turtlesim/cmake/ament_cmake_export_libraries-extras.cmake
[0.752s] -- Up-to-date: /home/msc-mixex-reality/UDPSimulatorNode/ros2_ws/install/turtlesim/share/turtlesim/cmake/ament_cmake_export_targets-extras.cmake
[0.752s] -- Up-to-date: /home/msc-mixex-reality/UDPSimulatorNode/ros2_ws/install/turtlesim/share/turtlesim/cmake/rosidl_cmake_export_typesupport_targets-extras.cmake
[0.752s] -- Up-to-date: /home/msc-mixex-reality/UDPSimulatorNode/ros2_ws/install/turtlesim/share/turtlesim/cmake/rosidl_cmake_export_typesupport_libraries-extras.cmake
[0.752s] -- Up-to-date: /home/msc-mixex-reality/UDPSimulatorNode/ros2_ws/install/turtlesim/share/turtlesim/cmake/turtlesimConfig.cmake
[0.752s] -- Up-to-date: /home/msc-mixex-reality/UDPSimulatorNode/ros2_ws/install/turtlesim/share/turtlesim/cmake/turtlesimConfig-version.cmake
[0.753s] -- Up-to-date: /home/msc-mixex-reality/UDPSimulatorNode/ros2_ws/install/turtlesim/share/turtlesim/package.xml
[0.755s] Invoked command in '/home/msc-mixex-reality/UDPSimulatorNode/ros2_ws/build/turtlesim' returned '0': CMAKE_PREFIX_PATH=${CMAKE_PREFIX_PATH}:/opt/ros/humble /usr/bin/cmake --install /home/msc-mixex-reality/UDPSimulatorNode/ros2_ws/build/turtlesim
