[0.011s] Invoking command in '/home/msc-mixex-reality/UDPSimulatorNode/ros2_ws/build/turtlesim': CMAKE_PREFIX_PATH=/opt/ros/humble /usr/bin/cmake /home/msc-mixex-reality/UDPSimulatorNode/ros2_ws/src/ros_tutorials/turtlesim -DCMAKE_INSTALL_PREFIX=/home/msc-mixex-reality/UDPSimulatorNode/ros2_ws/install/turtlesim
[0.102s] -- The C compiler identification is GNU 11.4.0
[0.153s] -- The CXX compiler identification is GNU 11.4.0
[0.159s] -- Detecting C compiler ABI info
[0.225s] -- Detecting C compiler ABI info - done
[0.233s] -- Check for working C compiler: /usr/bin/cc - skipped
[0.233s] -- Detecting C compile features
[0.234s] -- Detecting C compile features - done
[0.237s] -- Detecting CXX compiler ABI info
[0.309s] -- Detecting CXX compiler ABI info - done
[0.316s] -- Check for working CXX compiler: /usr/bin/c++ - skipped
[0.316s] -- Detecting CXX compile features
[0.317s] -- Detecting CXX compile features - done
[0.318s] -- Found ament_cmake: 1.3.5 (/opt/ros/humble/share/ament_cmake/cmake)
[0.466s] -- Found Python3: /usr/bin/python3.10 (found version "3.10.12") found components: Interpreter 
[0.540s] -- Found ament_index_cpp: 1.4.0 (/opt/ros/humble/share/ament_index_cpp/cmake)
[0.541s] -- Found geometry_msgs: 4.2.3 (/opt/ros/humble/share/geometry_msgs/cmake)
[0.572s] -- Found rosidl_generator_c: 3.1.5 (/opt/ros/humble/share/rosidl_generator_c/cmake)
[0.576s] -- Found rosidl_adapter: 3.1.5 (/opt/ros/humble/share/rosidl_adapter/cmake)
[0.583s] -- Found rosidl_generator_cpp: 3.1.5 (/opt/ros/humble/share/rosidl_generator_cpp/cmake)
[0.595s] -- Using all available rosidl_typesupport_c: rosidl_typesupport_fastrtps_c;rosidl_typesupport_introspection_c
[0.614s] -- Using all available rosidl_typesupport_cpp: rosidl_typesupport_fastrtps_cpp;rosidl_typesupport_introspection_cpp
[0.743s] -- Found rclcpp: 16.0.5 (/opt/ros/humble/share/rclcpp/cmake)
[0.797s] -- Found rmw_implementation_cmake: 6.1.1 (/opt/ros/humble/share/rmw_implementation_cmake/cmake)
[0.800s] -- Found rmw_fastrtps_cpp: 6.2.3 (/opt/ros/humble/share/rmw_fastrtps_cpp/cmake)
[0.888s] -- Found OpenSSL: /usr/lib/x86_64-linux-gnu/libcrypto.so (found version "3.0.2")  
[0.911s] -- Found FastRTPS: /opt/ros/humble/include  
[0.954s] -- Using RMW implementation 'rmw_fastrtps_cpp' as default
[0.962s] -- Looking for pthread.h
[1.025s] -- Looking for pthread.h - found
[1.026s] -- Performing Test CMAKE_HAVE_LIBC_PTHREAD
[1.091s] -- Performing Test CMAKE_HAVE_LIBC_PTHREAD - Success
[1.092s] -- Found Threads: TRUE  
[1.221s] -- Found rclcpp_action: 16.0.5 (/opt/ros/humble/share/rclcpp_action/cmake)
[1.313s] -- Found rosidl_default_generators: 1.2.0 (/opt/ros/humble/share/rosidl_default_generators/cmake)
[1.321s] -- Found std_srvs: 4.2.3 (/opt/ros/humble/share/std_srvs/cmake)
[1.608s] -- Found ament_cmake_ros: 0.10.0 (/opt/ros/humble/share/ament_cmake_ros/cmake)
[1.884s] -- Using all available rosidl_typesupport_c: rosidl_typesupport_fastrtps_c;rosidl_typesupport_introspection_c
[1.993s] -- Using all available rosidl_typesupport_cpp: rosidl_typesupport_fastrtps_cpp;rosidl_typesupport_introspection_cpp
[2.013s] -- Found PythonInterp: /usr/bin/python3 (found suitable version "3.10.12", minimum required is "3.6") 
[2.014s] -- Found python_cmake_module: 0.10.0 (/opt/ros/humble/share/python_cmake_module/cmake)
[2.038s] -- Found PythonLibs: /usr/lib/x86_64-linux-gnu/libpython3.10.so (found suitable version "3.10.12", minimum required is "3.5") 
[2.038s] -- Using PYTHON_EXECUTABLE: /usr/bin/python3
[2.038s] -- Using PYTHON_INCLUDE_DIRS: /usr/include/python3.10
[2.039s] -- Using PYTHON_LIBRARIES: /usr/lib/x86_64-linux-gnu/libpython3.10.so
[2.058s] -- Found PythonExtra: .so  
[2.108s] -- Configuring done
[2.172s] -- Generating done
[2.175s] -- Build files have been written to: /home/msc-mixex-reality/UDPSimulatorNode/ros2_ws/build/turtlesim
[2.187s] Invoked command in '/home/msc-mixex-reality/UDPSimulatorNode/ros2_ws/build/turtlesim' returned '0': CMAKE_PREFIX_PATH=/opt/ros/humble /usr/bin/cmake /home/msc-mixex-reality/UDPSimulatorNode/ros2_ws/src/ros_tutorials/turtlesim -DCMAKE_INSTALL_PREFIX=/home/msc-mixex-reality/UDPSimulatorNode/ros2_ws/install/turtlesim
[2.189s] Invoking command in '/home/msc-mixex-reality/UDPSimulatorNode/ros2_ws/build/turtlesim': CMAKE_PREFIX_PATH=/opt/ros/humble /usr/bin/cmake --build /home/msc-mixex-reality/UDPSimulatorNode/ros2_ws/build/turtlesim -- -j8 -l8
[2.228s] [  1%] [34m[1mGenerating C code for ROS interfaces[0m
[2.239s] [  2%] [34m[1mGenerating C++ code for ROS interfaces[0m
[2.246s] [  2%] Built target ament_cmake_python_copy_turtlesim
[2.478s] running egg_info
[2.479s] creating turtlesim.egg-info
[2.479s] writing turtlesim.egg-info/PKG-INFO
[2.479s] writing dependency_links to turtlesim.egg-info/dependency_links.txt
[2.479s] writing top-level names to turtlesim.egg-info/top_level.txt
[2.479s] writing manifest file 'turtlesim.egg-info/SOURCES.txt'
[2.482s] reading manifest file 'turtlesim.egg-info/SOURCES.txt'
[2.482s] writing manifest file 'turtlesim.egg-info/SOURCES.txt'
[2.506s] [  2%] Built target ament_cmake_python_build_turtlesim_egg
[3.181s] [  2%] Built target turtlesim__cpp
[3.190s] [  3%] [34m[1mGenerating C++ type support dispatch for ROS interfaces[0m
[3.190s] [  4%] [34m[1mGenerating C++ type support for eProsima Fast-RTPS[0m
[3.191s] [  5%] [34m[1mGenerating C++ introspection for ROS interfaces[0m
[3.199s] [  6%] [32mBuilding C object CMakeFiles/turtlesim__rosidl_generator_c.dir/rosidl_generator_c/turtlesim/msg/detail/color__functions.c.o[0m
[3.200s] [  7%] [32mBuilding C object CMakeFiles/turtlesim__rosidl_generator_c.dir/rosidl_generator_c/turtlesim/action/detail/rotate_absolute__functions.c.o[0m
[3.200s] [  8%] [32mBuilding C object CMakeFiles/turtlesim__rosidl_generator_c.dir/rosidl_generator_c/turtlesim/msg/detail/pose__functions.c.o[0m
[3.201s] [ 10%] [32mBuilding C object CMakeFiles/turtlesim__rosidl_generator_c.dir/rosidl_generator_c/turtlesim/srv/detail/kill__functions.c.o[0m
[3.201s] [ 10%] [32mBuilding C object CMakeFiles/turtlesim__rosidl_generator_c.dir/rosidl_generator_c/turtlesim/srv/detail/set_pen__functions.c.o[0m
[3.273s] [ 11%] [32mBuilding C object CMakeFiles/turtlesim__rosidl_generator_c.dir/rosidl_generator_c/turtlesim/srv/detail/spawn__functions.c.o[0m
[3.275s] [ 12%] [32mBuilding C object CMakeFiles/turtlesim__rosidl_generator_c.dir/rosidl_generator_c/turtlesim/srv/detail/teleport_absolute__functions.c.o[0m
[3.288s] [ 13%] [32mBuilding C object CMakeFiles/turtlesim__rosidl_generator_c.dir/rosidl_generator_c/turtlesim/srv/detail/teleport_relative__functions.c.o[0m
[3.380s] [ 14%] [32m[1mLinking C shared library libturtlesim__rosidl_generator_c.so[0m
[3.418s] [ 14%] Built target turtlesim__rosidl_generator_c
[3.431s] [ 15%] [34m[1mGenerating C introspection for ROS interfaces[0m
[3.431s] [ 16%] [34m[1mGenerating C type support dispatch for ROS interfaces[0m
[3.431s] [ 17%] [34m[1mGenerating C type support for eProsima Fast-RTPS[0m
[3.775s] [ 18%] [32mBuilding CXX object CMakeFiles/turtlesim__rosidl_typesupport_cpp.dir/rosidl_typesupport_cpp/turtlesim/msg/color__type_support.cpp.o[0m
[3.775s] [ 19%] [32mBuilding CXX object CMakeFiles/turtlesim__rosidl_typesupport_cpp.dir/rosidl_typesupport_cpp/turtlesim/msg/pose__type_support.cpp.o[0m
[3.777s] [ 20%] [32mBuilding CXX object CMakeFiles/turtlesim__rosidl_typesupport_cpp.dir/rosidl_typesupport_cpp/turtlesim/action/rotate_absolute__type_support.cpp.o[0m
[4.203s] [ 21%] [32mBuilding CXX object CMakeFiles/turtlesim__rosidl_typesupport_cpp.dir/rosidl_typesupport_cpp/turtlesim/srv/kill__type_support.cpp.o[0m
[4.205s] [ 22%] [32mBuilding CXX object CMakeFiles/turtlesim__rosidl_typesupport_cpp.dir/rosidl_typesupport_cpp/turtlesim/srv/set_pen__type_support.cpp.o[0m
[4.230s] [ 23%] [32mBuilding CXX object CMakeFiles/turtlesim__rosidl_typesupport_c.dir/rosidl_typesupport_c/turtlesim/action/rotate_absolute__type_support.cpp.o[0m
[4.304s] [ 24%] [32mBuilding CXX object CMakeFiles/turtlesim__rosidl_typesupport_c.dir/rosidl_typesupport_c/turtlesim/msg/color__type_support.cpp.o[0m
[4.314s] [ 25%] [32mBuilding CXX object CMakeFiles/turtlesim__rosidl_typesupport_introspection_cpp.dir/rosidl_typesupport_introspection_cpp/turtlesim/action/detail/rotate_absolute__type_support.cpp.o[0m
[4.348s] [ 26%] [32mBuilding CXX object CMakeFiles/turtlesim__rosidl_typesupport_c.dir/rosidl_typesupport_c/turtlesim/msg/pose__type_support.cpp.o[0m
[4.393s] [ 27%] [32mBuilding CXX object CMakeFiles/turtlesim__rosidl_typesupport_c.dir/rosidl_typesupport_c/turtlesim/srv/kill__type_support.cpp.o[0m
[4.442s] [ 28%] [32mBuilding CXX object CMakeFiles/turtlesim__rosidl_typesupport_c.dir/rosidl_typesupport_c/turtlesim/srv/set_pen__type_support.cpp.o[0m
[4.474s] [ 29%] [32mBuilding CXX object CMakeFiles/turtlesim__rosidl_typesupport_introspection_cpp.dir/rosidl_typesupport_introspection_cpp/turtlesim/msg/detail/color__type_support.cpp.o[0m
[4.489s] [ 30%] [32mBuilding CXX object CMakeFiles/turtlesim__rosidl_typesupport_c.dir/rosidl_typesupport_c/turtlesim/srv/spawn__type_support.cpp.o[0m
[4.541s] [ 31%] [32mBuilding CXX object CMakeFiles/turtlesim__rosidl_typesupport_c.dir/rosidl_typesupport_c/turtlesim/srv/teleport_absolute__type_support.cpp.o[0m
[4.544s] [ 32%] [32mBuilding CXX object CMakeFiles/turtlesim__rosidl_typesupport_fastrtps_cpp.dir/rosidl_typesupport_fastrtps_cpp/turtlesim/action/detail/dds_fastrtps/rotate_absolute__type_support.cpp.o[0m
[4.595s] [ 33%] [32mBuilding CXX object CMakeFiles/turtlesim__rosidl_typesupport_c.dir/rosidl_typesupport_c/turtlesim/srv/teleport_relative__type_support.cpp.o[0m
[4.647s] [ 34%] [32m[1mLinking CXX shared library libturtlesim__rosidl_typesupport_c.so[0m
[4.656s] [ 35%] [32mBuilding CXX object CMakeFiles/turtlesim__rosidl_typesupport_cpp.dir/rosidl_typesupport_cpp/turtlesim/srv/spawn__type_support.cpp.o[0m
[4.677s] [ 36%] [32mBuilding CXX object CMakeFiles/turtlesim__rosidl_typesupport_cpp.dir/rosidl_typesupport_cpp/turtlesim/srv/teleport_absolute__type_support.cpp.o[0m
[4.718s] [ 36%] Built target turtlesim__rosidl_typesupport_c
[4.759s] [ 37%] [32mBuilding CXX object CMakeFiles/turtlesim__rosidl_typesupport_cpp.dir/rosidl_typesupport_cpp/turtlesim/srv/teleport_relative__type_support.cpp.o[0m
[4.779s] [ 38%] [32mBuilding C object CMakeFiles/turtlesim__rosidl_typesupport_introspection_c.dir/rosidl_typesupport_introspection_c/turtlesim/action/detail/rotate_absolute__type_support.c.o[0m
[4.854s] [ 39%] [32mBuilding C object CMakeFiles/turtlesim__rosidl_typesupport_introspection_c.dir/rosidl_typesupport_introspection_c/turtlesim/msg/detail/color__type_support.c.o[0m
[4.903s] [ 40%] [32mBuilding C object CMakeFiles/turtlesim__rosidl_typesupport_introspection_c.dir/rosidl_typesupport_introspection_c/turtlesim/msg/detail/pose__type_support.c.o[0m
[4.953s] [ 41%] [32mBuilding C object CMakeFiles/turtlesim__rosidl_typesupport_introspection_c.dir/rosidl_typesupport_introspection_c/turtlesim/srv/detail/kill__type_support.c.o[0m
[4.974s] [ 42%] [32mBuilding CXX object CMakeFiles/turtlesim__rosidl_typesupport_fastrtps_c.dir/rosidl_typesupport_fastrtps_c/turtlesim/action/detail/rotate_absolute__type_support_c.cpp.o[0m
[5.007s] [ 43%] [32mBuilding C object CMakeFiles/turtlesim__rosidl_typesupport_introspection_c.dir/rosidl_typesupport_introspection_c/turtlesim/srv/detail/set_pen__type_support.c.o[0m
[5.040s] [ 44%] [32mBuilding CXX object CMakeFiles/turtlesim__rosidl_typesupport_introspection_cpp.dir/rosidl_typesupport_introspection_cpp/turtlesim/msg/detail/pose__type_support.cpp.o[0m
[5.061s] [ 45%] [32mBuilding C object CMakeFiles/turtlesim__rosidl_typesupport_introspection_c.dir/rosidl_typesupport_introspection_c/turtlesim/srv/detail/spawn__type_support.c.o[0m
[5.065s] [ 46%] [32mBuilding C object CMakeFiles/turtlesim__rosidl_typesupport_introspection_c.dir/rosidl_typesupport_introspection_c/turtlesim/srv/detail/teleport_absolute__type_support.c.o[0m
[5.101s] [ 47%] [32mBuilding C object CMakeFiles/turtlesim__rosidl_typesupport_introspection_c.dir/rosidl_typesupport_introspection_c/turtlesim/srv/detail/teleport_relative__type_support.c.o[0m
[5.119s] [ 48%] [32mBuilding CXX object CMakeFiles/turtlesim__rosidl_typesupport_introspection_cpp.dir/rosidl_typesupport_introspection_cpp/turtlesim/srv/detail/kill__type_support.cpp.o[0m
[5.123s] [ 49%] [32mBuilding CXX object CMakeFiles/turtlesim__rosidl_typesupport_introspection_cpp.dir/rosidl_typesupport_introspection_cpp/turtlesim/srv/detail/set_pen__type_support.cpp.o[0m
[5.158s] [ 50%] [32m[1mLinking C shared library libturtlesim__rosidl_typesupport_introspection_c.so[0m
[5.205s] [ 51%] [32m[1mLinking CXX shared library libturtlesim__rosidl_typesupport_cpp.so[0m
[5.209s] [ 51%] Built target turtlesim__rosidl_typesupport_introspection_c
[5.221s] [ 52%] [32mBuilding CXX object CMakeFiles/turtlesim__rosidl_typesupport_introspection_cpp.dir/rosidl_typesupport_introspection_cpp/turtlesim/srv/detail/spawn__type_support.cpp.o[0m
[5.255s] [ 53%] [32mBuilding CXX object CMakeFiles/turtlesim__rosidl_typesupport_introspection_cpp.dir/rosidl_typesupport_introspection_cpp/turtlesim/srv/detail/teleport_absolute__type_support.cpp.o[0m
[5.280s] [ 53%] Built target turtlesim__rosidl_typesupport_cpp
[5.295s] [ 54%] [34m[1mGenerating include/turtlesim/moc_turtle_frame.cpp[0m
[5.410s] [ 55%] [32mBuilding CXX object CMakeFiles/turtlesim_node.dir/src/turtlesim.cpp.o[0m
[5.411s] [ 56%] [32mBuilding CXX object CMakeFiles/turtlesim__rosidl_typesupport_fastrtps_cpp.dir/rosidl_typesupport_fastrtps_cpp/turtlesim/msg/detail/dds_fastrtps/color__type_support.cpp.o[0m
[5.601s] [ 57%] [32mBuilding CXX object CMakeFiles/turtlesim_node.dir/src/turtle.cpp.o[0m
[5.651s] [ 58%] [32mBuilding CXX object CMakeFiles/turtlesim__rosidl_typesupport_fastrtps_c.dir/rosidl_typesupport_fastrtps_c/turtlesim/msg/detail/color__type_support_c.cpp.o[0m
[5.710s] [ 59%] [32mBuilding CXX object CMakeFiles/turtlesim__rosidl_typesupport_introspection_cpp.dir/rosidl_typesupport_introspection_cpp/turtlesim/srv/detail/teleport_relative__type_support.cpp.o[0m
[5.722s] [ 60%] [32mBuilding CXX object CMakeFiles/turtlesim__rosidl_typesupport_fastrtps_c.dir/rosidl_typesupport_fastrtps_c/turtlesim/msg/detail/pose__type_support_c.cpp.o[0m
[5.842s] [ 61%] [32mBuilding CXX object CMakeFiles/turtlesim__rosidl_typesupport_fastrtps_c.dir/rosidl_typesupport_fastrtps_c/turtlesim/srv/detail/kill__type_support_c.cpp.o[0m
[5.870s] [ 62%] [32mBuilding CXX object CMakeFiles/turtlesim__rosidl_typesupport_fastrtps_c.dir/rosidl_typesupport_fastrtps_c/turtlesim/srv/detail/set_pen__type_support_c.cpp.o[0m
[6.029s] [ 63%] [32mBuilding CXX object CMakeFiles/turtlesim__rosidl_typesupport_fastrtps_cpp.dir/rosidl_typesupport_fastrtps_cpp/turtlesim/msg/detail/dds_fastrtps/pose__type_support.cpp.o[0m
[6.213s] [ 64%] [32mBuilding CXX object CMakeFiles/turtlesim__rosidl_typesupport_fastrtps_c.dir/rosidl_typesupport_fastrtps_c/turtlesim/srv/detail/spawn__type_support_c.cpp.o[0m
[6.272s] [ 65%] [32mBuilding CXX object CMakeFiles/turtlesim_node.dir/src/turtle_frame.cpp.o[0m
[6.359s] [ 66%] [32m[1mLinking CXX shared library libturtlesim__rosidl_typesupport_introspection_cpp.so[0m
[6.395s] [ 67%] [32mBuilding CXX object CMakeFiles/turtlesim__rosidl_typesupport_fastrtps_c.dir/rosidl_typesupport_fastrtps_c/turtlesim/srv/detail/teleport_absolute__type_support_c.cpp.o[0m
[6.424s] [ 68%] [32mBuilding CXX object CMakeFiles/turtlesim__rosidl_typesupport_fastrtps_c.dir/rosidl_typesupport_fastrtps_c/turtlesim/srv/detail/teleport_relative__type_support_c.cpp.o[0m
[6.497s] [ 68%] Built target turtlesim__rosidl_typesupport_introspection_cpp
[6.530s] [ 69%] [32mBuilding CXX object CMakeFiles/turtle_teleop_key.dir/tutorials/teleop_turtle_key.cpp.o[0m
[6.627s] [ 70%] [32mBuilding CXX object CMakeFiles/turtlesim__rosidl_typesupport_fastrtps_cpp.dir/rosidl_typesupport_fastrtps_cpp/turtlesim/srv/detail/dds_fastrtps/kill__type_support.cpp.o[0m
[6.819s] [ 71%] [32mBuilding CXX object CMakeFiles/turtlesim__rosidl_typesupport_fastrtps_cpp.dir/rosidl_typesupport_fastrtps_cpp/turtlesim/srv/detail/dds_fastrtps/set_pen__type_support.cpp.o[0m
[6.956s] [ 72%] [32mBuilding CXX object CMakeFiles/turtlesim__rosidl_typesupport_fastrtps_cpp.dir/rosidl_typesupport_fastrtps_cpp/turtlesim/srv/detail/dds_fastrtps/spawn__type_support.cpp.o[0m
[7.001s] [ 73%] [32m[1mLinking CXX shared library libturtlesim__rosidl_typesupport_fastrtps_c.so[0m
[7.139s] [ 73%] Built target turtlesim__rosidl_typesupport_fastrtps_c
[7.156s] [ 74%] [32mBuilding CXX object CMakeFiles/turtlesim__rosidl_typesupport_fastrtps_cpp.dir/rosidl_typesupport_fastrtps_cpp/turtlesim/srv/detail/dds_fastrtps/teleport_absolute__type_support.cpp.o[0m
[7.234s] [ 75%] [32mBuilding CXX object CMakeFiles/turtlesim__rosidl_typesupport_fastrtps_cpp.dir/rosidl_typesupport_fastrtps_cpp/turtlesim/srv/detail/dds_fastrtps/teleport_relative__type_support.cpp.o[0m
[7.510s] [ 76%] [32mBuilding CXX object CMakeFiles/draw_square.dir/tutorials/draw_square.cpp.o[0m
[7.639s] [ 77%] [32mBuilding CXX object CMakeFiles/mimic.dir/tutorials/mimic.cpp.o[0m
[7.837s] [ 78%] [32mBuilding CXX object CMakeFiles/turtlesim_node.dir/include/turtlesim/moc_turtle_frame.cpp.o[0m
[7.850s] [ 79%] [32m[1mLinking CXX shared library libturtlesim__rosidl_typesupport_fastrtps_cpp.so[0m
[7.981s] [ 79%] Built target turtlesim__rosidl_typesupport_fastrtps_cpp
[8.008s] [ 79%] Built target turtlesim
[8.038s] [ 80%] [34m[1mGenerating Python code for ROS interfaces[0m
[11.194s] [ 80%] Built target turtlesim__py
[11.223s] [ 81%] [32mBuilding C object CMakeFiles/turtlesim__rosidl_generator_py.dir/rosidl_generator_py/turtlesim/action/_rotate_absolute_s.c.o[0m
[11.462s] [ 82%] [32mBuilding C object CMakeFiles/turtlesim__rosidl_generator_py.dir/rosidl_generator_py/turtlesim/msg/_color_s.c.o[0m
[11.630s] [ 83%] [32mBuilding C object CMakeFiles/turtlesim__rosidl_generator_py.dir/rosidl_generator_py/turtlesim/msg/_pose_s.c.o[0m
[11.800s] [ 84%] [32mBuilding C object CMakeFiles/turtlesim__rosidl_generator_py.dir/rosidl_generator_py/turtlesim/srv/_kill_s.c.o[0m
[11.974s] [ 85%] [32mBuilding C object CMakeFiles/turtlesim__rosidl_generator_py.dir/rosidl_generator_py/turtlesim/srv/_set_pen_s.c.o[0m
[12.150s] [ 86%] [32mBuilding C object CMakeFiles/turtlesim__rosidl_generator_py.dir/rosidl_generator_py/turtlesim/srv/_spawn_s.c.o[0m
[12.326s] [ 87%] [32mBuilding C object CMakeFiles/turtlesim__rosidl_generator_py.dir/rosidl_generator_py/turtlesim/srv/_teleport_absolute_s.c.o[0m
[12.467s] [ 88%] [32mBuilding C object CMakeFiles/turtlesim__rosidl_generator_py.dir/rosidl_generator_py/turtlesim/srv/_teleport_relative_s.c.o[0m
[12.612s] [ 89%] [32m[1mLinking C shared library rosidl_generator_py/turtlesim/libturtlesim__rosidl_generator_py.so[0m
[12.674s] [ 89%] Built target turtlesim__rosidl_generator_py
[12.702s] [ 90%] [32mBuilding C object CMakeFiles/turtlesim__rosidl_typesupport_fastrtps_c__pyext.dir/rosidl_generator_py/turtlesim/_turtlesim_s.ep.rosidl_typesupport_fastrtps_c.c.o[0m
[12.702s] [ 91%] [32mBuilding C object CMakeFiles/turtlesim__rosidl_typesupport_introspection_c__pyext.dir/rosidl_generator_py/turtlesim/_turtlesim_s.ep.rosidl_typesupport_introspection_c.c.o[0m
[12.965s] [ 92%] [32m[1mLinking C shared library rosidl_generator_py/turtlesim/turtlesim_s__rosidl_typesupport_fastrtps_c.cpython-310-x86_64-linux-gnu.so[0m
[12.976s] [ 93%] [32m[1mLinking C shared library rosidl_generator_py/turtlesim/turtlesim_s__rosidl_typesupport_introspection_c.cpython-310-x86_64-linux-gnu.so[0m
[13.024s] [ 93%] Built target turtlesim__rosidl_typesupport_fastrtps_c__pyext
[13.037s] [ 93%] Built target turtlesim__rosidl_typesupport_introspection_c__pyext
[13.055s] [ 94%] [32mBuilding C object CMakeFiles/turtlesim__rosidl_typesupport_c__pyext.dir/rosidl_generator_py/turtlesim/_turtlesim_s.ep.rosidl_typesupport_c.c.o[0m
[13.272s] [ 95%] [32m[1mLinking C shared library rosidl_generator_py/turtlesim/turtlesim_s__rosidl_typesupport_c.cpython-310-x86_64-linux-gnu.so[0m
[13.317s] [ 95%] Built target turtlesim__rosidl_typesupport_c__pyext
[15.578s] [ 96%] [32m[1mLinking CXX executable turtle_teleop_key[0m
[15.984s] [ 96%] Built target turtle_teleop_key
[19.386s] [ 97%] [32m[1mLinking CXX executable mimic[0m
[19.685s] [ 98%] [32m[1mLinking CXX executable draw_square[0m
[19.897s] [ 98%] Built target mimic
[20.228s] [ 98%] Built target draw_square
[21.795s] [100%] [32m[1mLinking CXX executable turtlesim_node[0m
[23.801s] [100%] Built target turtlesim_node
[23.816s] Invoked command in '/home/msc-mixex-reality/UDPSimulatorNode/ros2_ws/build/turtlesim' returned '0': CMAKE_PREFIX_PATH=/opt/ros/humble /usr/bin/cmake --build /home/msc-mixex-reality/UDPSimulatorNode/ros2_ws/build/turtlesim -- -j8 -l8
[24.021s] Invoking command in '/home/msc-mixex-reality/UDPSimulatorNode/ros2_ws/build/turtlesim': CMAKE_PREFIX_PATH=/opt/ros/humble /usr/bin/cmake --install /home/msc-mixex-reality/UDPSimulatorNode/ros2_ws/build/turtlesim
[24.028s] -- Install configuration: ""
[24.029s] -- Installing: /home/msc-mixex-reality/UDPSimulatorNode/ros2_ws/install/turtlesim/share/ament_index/resource_index/rosidl_interfaces/turtlesim
[24.029s] -- Installing: /home/msc-mixex-reality/UDPSimulatorNode/ros2_ws/install/turtlesim/include/turtlesim/turtlesim
[24.029s] -- Installing: /home/msc-mixex-reality/UDPSimulatorNode/ros2_ws/install/turtlesim/include/turtlesim/turtlesim/srv
[24.029s] -- Installing: /home/msc-mixex-reality/UDPSimulatorNode/ros2_ws/install/turtlesim/include/turtlesim/turtlesim/srv/teleport_relative.h
[24.029s] -- Installing: /home/msc-mixex-reality/UDPSimulatorNode/ros2_ws/install/turtlesim/include/turtlesim/turtlesim/srv/detail
[24.029s] -- Installing: /home/msc-mixex-reality/UDPSimulatorNode/ros2_ws/install/turtlesim/include/turtlesim/turtlesim/srv/detail/set_pen__functions.c
[24.029s] -- Installing: /home/msc-mixex-reality/UDPSimulatorNode/ros2_ws/install/turtlesim/include/turtlesim/turtlesim/srv/detail/set_pen__functions.h
[24.029s] -- Installing: /home/msc-mixex-reality/UDPSimulatorNode/ros2_ws/install/turtlesim/include/turtlesim/turtlesim/srv/detail/kill__struct.h
[24.030s] -- Installing: /home/msc-mixex-reality/UDPSimulatorNode/ros2_ws/install/turtlesim/include/turtlesim/turtlesim/srv/detail/spawn__functions.h
[24.030s] -- Installing: /home/msc-mixex-reality/UDPSimulatorNode/ros2_ws/install/turtlesim/include/turtlesim/turtlesim/srv/detail/kill__functions.h
[24.030s] -- Installing: /home/msc-mixex-reality/UDPSimulatorNode/ros2_ws/install/turtlesim/include/turtlesim/turtlesim/srv/detail/teleport_relative__functions.c
[24.030s] -- Installing: /home/msc-mixex-reality/UDPSimulatorNode/ros2_ws/install/turtlesim/include/turtlesim/turtlesim/srv/detail/teleport_absolute__functions.c
[24.030s] -- Installing: /home/msc-mixex-reality/UDPSimulatorNode/ros2_ws/install/turtlesim/include/turtlesim/turtlesim/srv/detail/teleport_absolute__struct.h
[24.031s] -- Installing: /home/msc-mixex-reality/UDPSimulatorNode/ros2_ws/install/turtlesim/include/turtlesim/turtlesim/srv/detail/set_pen__struct.h
[24.031s] -- Installing: /home/msc-mixex-reality/UDPSimulatorNode/ros2_ws/install/turtlesim/include/turtlesim/turtlesim/srv/detail/teleport_absolute__type_support.h
[24.031s] -- Installing: /home/msc-mixex-reality/UDPSimulatorNode/ros2_ws/install/turtlesim/include/turtlesim/turtlesim/srv/detail/teleport_relative__type_support.h
[24.031s] -- Installing: /home/msc-mixex-reality/UDPSimulatorNode/ros2_ws/install/turtlesim/include/turtlesim/turtlesim/srv/detail/spawn__type_support.h
[24.031s] -- Installing: /home/msc-mixex-reality/UDPSimulatorNode/ros2_ws/install/turtlesim/include/turtlesim/turtlesim/srv/detail/kill__functions.c
[24.031s] -- Installing: /home/msc-mixex-reality/UDPSimulatorNode/ros2_ws/install/turtlesim/include/turtlesim/turtlesim/srv/detail/spawn__functions.c
[24.032s] -- Installing: /home/msc-mixex-reality/UDPSimulatorNode/ros2_ws/install/turtlesim/include/turtlesim/turtlesim/srv/detail/teleport_relative__functions.h
[24.032s] -- Installing: /home/msc-mixex-reality/UDPSimulatorNode/ros2_ws/install/turtlesim/include/turtlesim/turtlesim/srv/detail/set_pen__type_support.h
[24.032s] -- Installing: /home/msc-mixex-reality/UDPSimulatorNode/ros2_ws/install/turtlesim/include/turtlesim/turtlesim/srv/detail/teleport_absolute__functions.h
[24.032s] -- Installing: /home/msc-mixex-reality/UDPSimulatorNode/ros2_ws/install/turtlesim/include/turtlesim/turtlesim/srv/detail/kill__type_support.h
[24.032s] -- Installing: /home/msc-mixex-reality/UDPSimulatorNode/ros2_ws/install/turtlesim/include/turtlesim/turtlesim/srv/detail/teleport_relative__struct.h
[24.032s] -- Installing: /home/msc-mixex-reality/UDPSimulatorNode/ros2_ws/install/turtlesim/include/turtlesim/turtlesim/srv/detail/spawn__struct.h
[24.032s] -- Installing: /home/msc-mixex-reality/UDPSimulatorNode/ros2_ws/install/turtlesim/include/turtlesim/turtlesim/srv/kill.h
[24.033s] -- Installing: /home/msc-mixex-reality/UDPSimulatorNode/ros2_ws/install/turtlesim/include/turtlesim/turtlesim/srv/set_pen.h
[24.033s] -- Installing: /home/msc-mixex-reality/UDPSimulatorNode/ros2_ws/install/turtlesim/include/turtlesim/turtlesim/srv/teleport_absolute.h
[24.033s] -- Installing: /home/msc-mixex-reality/UDPSimulatorNode/ros2_ws/install/turtlesim/include/turtlesim/turtlesim/srv/spawn.h
[24.033s] -- Installing: /home/msc-mixex-reality/UDPSimulatorNode/ros2_ws/install/turtlesim/include/turtlesim/turtlesim/msg
[24.033s] -- Installing: /home/msc-mixex-reality/UDPSimulatorNode/ros2_ws/install/turtlesim/include/turtlesim/turtlesim/msg/detail
[24.033s] -- Installing: /home/msc-mixex-reality/UDPSimulatorNode/ros2_ws/install/turtlesim/include/turtlesim/turtlesim/msg/detail/pose__struct.h
[24.034s] -- Installing: /home/msc-mixex-reality/UDPSimulatorNode/ros2_ws/install/turtlesim/include/turtlesim/turtlesim/msg/detail/pose__functions.h
[24.034s] -- Installing: /home/msc-mixex-reality/UDPSimulatorNode/ros2_ws/install/turtlesim/include/turtlesim/turtlesim/msg/detail/pose__type_support.h
[24.034s] -- Installing: /home/msc-mixex-reality/UDPSimulatorNode/ros2_ws/install/turtlesim/include/turtlesim/turtlesim/msg/detail/color__struct.h
[24.034s] -- Installing: /home/msc-mixex-reality/UDPSimulatorNode/ros2_ws/install/turtlesim/include/turtlesim/turtlesim/msg/detail/color__type_support.h
[24.034s] -- Installing: /home/msc-mixex-reality/UDPSimulatorNode/ros2_ws/install/turtlesim/include/turtlesim/turtlesim/msg/detail/color__functions.c
[24.034s] -- Installing: /home/msc-mixex-reality/UDPSimulatorNode/ros2_ws/install/turtlesim/include/turtlesim/turtlesim/msg/detail/pose__functions.c
[24.034s] -- Installing: /home/msc-mixex-reality/UDPSimulatorNode/ros2_ws/install/turtlesim/include/turtlesim/turtlesim/msg/detail/color__functions.h
[24.035s] -- Installing: /home/msc-mixex-reality/UDPSimulatorNode/ros2_ws/install/turtlesim/include/turtlesim/turtlesim/msg/rosidl_generator_c__visibility_control.h
[24.035s] -- Installing: /home/msc-mixex-reality/UDPSimulatorNode/ros2_ws/install/turtlesim/include/turtlesim/turtlesim/msg/color.h
[24.035s] -- Installing: /home/msc-mixex-reality/UDPSimulatorNode/ros2_ws/install/turtlesim/include/turtlesim/turtlesim/msg/pose.h
[24.035s] -- Installing: /home/msc-mixex-reality/UDPSimulatorNode/ros2_ws/install/turtlesim/include/turtlesim/turtlesim/action
[24.035s] -- Installing: /home/msc-mixex-reality/UDPSimulatorNode/ros2_ws/install/turtlesim/include/turtlesim/turtlesim/action/rotate_absolute.h
[24.035s] -- Installing: /home/msc-mixex-reality/UDPSimulatorNode/ros2_ws/install/turtlesim/include/turtlesim/turtlesim/action/detail
[24.035s] -- Installing: /home/msc-mixex-reality/UDPSimulatorNode/ros2_ws/install/turtlesim/include/turtlesim/turtlesim/action/detail/rotate_absolute__struct.h
[24.036s] -- Installing: /home/msc-mixex-reality/UDPSimulatorNode/ros2_ws/install/turtlesim/include/turtlesim/turtlesim/action/detail/rotate_absolute__functions.c
[24.036s] -- Installing: /home/msc-mixex-reality/UDPSimulatorNode/ros2_ws/install/turtlesim/include/turtlesim/turtlesim/action/detail/rotate_absolute__type_support.h
[24.036s] -- Installing: /home/msc-mixex-reality/UDPSimulatorNode/ros2_ws/install/turtlesim/include/turtlesim/turtlesim/action/detail/rotate_absolute__functions.h
[24.036s] -- Installing: /home/msc-mixex-reality/UDPSimulatorNode/ros2_ws/install/turtlesim/share/turtlesim/environment/library_path.sh
[24.036s] -- Installing: /home/msc-mixex-reality/UDPSimulatorNode/ros2_ws/install/turtlesim/share/turtlesim/environment/library_path.dsv
[24.036s] -- Installing: /home/msc-mixex-reality/UDPSimulatorNode/ros2_ws/install/turtlesim/lib/libturtlesim__rosidl_generator_c.so
[24.037s] -- Set runtime path of "/home/msc-mixex-reality/UDPSimulatorNode/ros2_ws/install/turtlesim/lib/libturtlesim__rosidl_generator_c.so" to ""
[24.037s] -- Up-to-date: /home/msc-mixex-reality/UDPSimulatorNode/ros2_ws/install/turtlesim/include/turtlesim/turtlesim
[24.037s] -- Up-to-date: /home/msc-mixex-reality/UDPSimulatorNode/ros2_ws/install/turtlesim/include/turtlesim/turtlesim/srv
[24.037s] -- Up-to-date: /home/msc-mixex-reality/UDPSimulatorNode/ros2_ws/install/turtlesim/include/turtlesim/turtlesim/srv/detail
[24.037s] -- Installing: /home/msc-mixex-reality/UDPSimulatorNode/ros2_ws/install/turtlesim/include/turtlesim/turtlesim/srv/detail/kill__rosidl_typesupport_fastrtps_c.h
[24.038s] -- Installing: /home/msc-mixex-reality/UDPSimulatorNode/ros2_ws/install/turtlesim/include/turtlesim/turtlesim/srv/detail/teleport_relative__rosidl_typesupport_fastrtps_c.h
[24.038s] -- Installing: /home/msc-mixex-reality/UDPSimulatorNode/ros2_ws/install/turtlesim/include/turtlesim/turtlesim/srv/detail/spawn__rosidl_typesupport_fastrtps_c.h
[24.038s] -- Installing: /home/msc-mixex-reality/UDPSimulatorNode/ros2_ws/install/turtlesim/include/turtlesim/turtlesim/srv/detail/set_pen__rosidl_typesupport_fastrtps_c.h
[24.038s] -- Installing: /home/msc-mixex-reality/UDPSimulatorNode/ros2_ws/install/turtlesim/include/turtlesim/turtlesim/srv/detail/teleport_absolute__rosidl_typesupport_fastrtps_c.h
[24.038s] -- Up-to-date: /home/msc-mixex-reality/UDPSimulatorNode/ros2_ws/install/turtlesim/include/turtlesim/turtlesim/msg
[24.038s] -- Installing: /home/msc-mixex-reality/UDPSimulatorNode/ros2_ws/install/turtlesim/include/turtlesim/turtlesim/msg/rosidl_typesupport_fastrtps_c__visibility_control.h
[24.039s] -- Up-to-date: /home/msc-mixex-reality/UDPSimulatorNode/ros2_ws/install/turtlesim/include/turtlesim/turtlesim/msg/detail
[24.039s] -- Installing: /home/msc-mixex-reality/UDPSimulatorNode/ros2_ws/install/turtlesim/include/turtlesim/turtlesim/msg/detail/pose__rosidl_typesupport_fastrtps_c.h
[24.039s] -- Installing: /home/msc-mixex-reality/UDPSimulatorNode/ros2_ws/install/turtlesim/include/turtlesim/turtlesim/msg/detail/color__rosidl_typesupport_fastrtps_c.h
[24.039s] -- Up-to-date: /home/msc-mixex-reality/UDPSimulatorNode/ros2_ws/install/turtlesim/include/turtlesim/turtlesim/action
[24.039s] -- Up-to-date: /home/msc-mixex-reality/UDPSimulatorNode/ros2_ws/install/turtlesim/include/turtlesim/turtlesim/action/detail
[24.039s] -- Installing: /home/msc-mixex-reality/UDPSimulatorNode/ros2_ws/install/turtlesim/include/turtlesim/turtlesim/action/detail/rotate_absolute__rosidl_typesupport_fastrtps_c.h
[24.039s] -- Installing: /home/msc-mixex-reality/UDPSimulatorNode/ros2_ws/install/turtlesim/lib/libturtlesim__rosidl_typesupport_fastrtps_c.so
[24.040s] -- Set runtime path of "/home/msc-mixex-reality/UDPSimulatorNode/ros2_ws/install/turtlesim/lib/libturtlesim__rosidl_typesupport_fastrtps_c.so" to ""
[24.040s] -- Up-to-date: /home/msc-mixex-reality/UDPSimulatorNode/ros2_ws/install/turtlesim/include/turtlesim/turtlesim
[24.040s] -- Up-to-date: /home/msc-mixex-reality/UDPSimulatorNode/ros2_ws/install/turtlesim/include/turtlesim/turtlesim/srv
[24.040s] -- Installing: /home/msc-mixex-reality/UDPSimulatorNode/ros2_ws/install/turtlesim/include/turtlesim/turtlesim/srv/kill.hpp
[24.040s] -- Installing: /home/msc-mixex-reality/UDPSimulatorNode/ros2_ws/install/turtlesim/include/turtlesim/turtlesim/srv/set_pen.hpp
[24.040s] -- Up-to-date: /home/msc-mixex-reality/UDPSimulatorNode/ros2_ws/install/turtlesim/include/turtlesim/turtlesim/srv/detail
[24.041s] -- Installing: /home/msc-mixex-reality/UDPSimulatorNode/ros2_ws/install/turtlesim/include/turtlesim/turtlesim/srv/detail/spawn__builder.hpp
[24.041s] -- Installing: /home/msc-mixex-reality/UDPSimulatorNode/ros2_ws/install/turtlesim/include/turtlesim/turtlesim/srv/detail/set_pen__builder.hpp
[24.041s] -- Installing: /home/msc-mixex-reality/UDPSimulatorNode/ros2_ws/install/turtlesim/include/turtlesim/turtlesim/srv/detail/kill__builder.hpp
[24.041s] -- Installing: /home/msc-mixex-reality/UDPSimulatorNode/ros2_ws/install/turtlesim/include/turtlesim/turtlesim/srv/detail/teleport_absolute__traits.hpp
[24.041s] -- Installing: /home/msc-mixex-reality/UDPSimulatorNode/ros2_ws/install/turtlesim/include/turtlesim/turtlesim/srv/detail/teleport_absolute__struct.hpp
[24.041s] -- Installing: /home/msc-mixex-reality/UDPSimulatorNode/ros2_ws/install/turtlesim/include/turtlesim/turtlesim/srv/detail/set_pen__struct.hpp
[24.042s] -- Installing: /home/msc-mixex-reality/UDPSimulatorNode/ros2_ws/install/turtlesim/include/turtlesim/turtlesim/srv/detail/teleport_absolute__builder.hpp
[24.042s] -- Installing: /home/msc-mixex-reality/UDPSimulatorNode/ros2_ws/install/turtlesim/include/turtlesim/turtlesim/srv/detail/spawn__struct.hpp
[24.042s] -- Installing: /home/msc-mixex-reality/UDPSimulatorNode/ros2_ws/install/turtlesim/include/turtlesim/turtlesim/srv/detail/kill__traits.hpp
[24.042s] -- Installing: /home/msc-mixex-reality/UDPSimulatorNode/ros2_ws/install/turtlesim/include/turtlesim/turtlesim/srv/detail/kill__struct.hpp
[24.042s] -- Installing: /home/msc-mixex-reality/UDPSimulatorNode/ros2_ws/install/turtlesim/include/turtlesim/turtlesim/srv/detail/set_pen__traits.hpp
[24.042s] -- Installing: /home/msc-mixex-reality/UDPSimulatorNode/ros2_ws/install/turtlesim/include/turtlesim/turtlesim/srv/detail/teleport_relative__traits.hpp
[24.042s] -- Installing: /home/msc-mixex-reality/UDPSimulatorNode/ros2_ws/install/turtlesim/include/turtlesim/turtlesim/srv/detail/teleport_relative__builder.hpp
[24.043s] -- Installing: /home/msc-mixex-reality/UDPSimulatorNode/ros2_ws/install/turtlesim/include/turtlesim/turtlesim/srv/detail/teleport_relative__struct.hpp
[24.043s] -- Installing: /home/msc-mixex-reality/UDPSimulatorNode/ros2_ws/install/turtlesim/include/turtlesim/turtlesim/srv/detail/spawn__traits.hpp
[24.043s] -- Installing: /home/msc-mixex-reality/UDPSimulatorNode/ros2_ws/install/turtlesim/include/turtlesim/turtlesim/srv/spawn.hpp
[24.043s] -- Installing: /home/msc-mixex-reality/UDPSimulatorNode/ros2_ws/install/turtlesim/include/turtlesim/turtlesim/srv/teleport_absolute.hpp
[24.043s] -- Installing: /home/msc-mixex-reality/UDPSimulatorNode/ros2_ws/install/turtlesim/include/turtlesim/turtlesim/srv/teleport_relative.hpp
[24.043s] -- Up-to-date: /home/msc-mixex-reality/UDPSimulatorNode/ros2_ws/install/turtlesim/include/turtlesim/turtlesim/msg
[24.043s] -- Installing: /home/msc-mixex-reality/UDPSimulatorNode/ros2_ws/install/turtlesim/include/turtlesim/turtlesim/msg/color.hpp
[24.044s] -- Up-to-date: /home/msc-mixex-reality/UDPSimulatorNode/ros2_ws/install/turtlesim/include/turtlesim/turtlesim/msg/detail
[24.044s] -- Installing: /home/msc-mixex-reality/UDPSimulatorNode/ros2_ws/install/turtlesim/include/turtlesim/turtlesim/msg/detail/color__traits.hpp
[24.044s] -- Installing: /home/msc-mixex-reality/UDPSimulatorNode/ros2_ws/install/turtlesim/include/turtlesim/turtlesim/msg/detail/pose__traits.hpp
[24.044s] -- Installing: /home/msc-mixex-reality/UDPSimulatorNode/ros2_ws/install/turtlesim/include/turtlesim/turtlesim/msg/detail/pose__struct.hpp
[24.044s] -- Installing: /home/msc-mixex-reality/UDPSimulatorNode/ros2_ws/install/turtlesim/include/turtlesim/turtlesim/msg/detail/color__builder.hpp
[24.044s] -- Installing: /home/msc-mixex-reality/UDPSimulatorNode/ros2_ws/install/turtlesim/include/turtlesim/turtlesim/msg/detail/pose__builder.hpp
[24.045s] -- Installing: /home/msc-mixex-reality/UDPSimulatorNode/ros2_ws/install/turtlesim/include/turtlesim/turtlesim/msg/detail/color__struct.hpp
[24.045s] -- Installing: /home/msc-mixex-reality/UDPSimulatorNode/ros2_ws/install/turtlesim/include/turtlesim/turtlesim/msg/pose.hpp
[24.045s] -- Up-to-date: /home/msc-mixex-reality/UDPSimulatorNode/ros2_ws/install/turtlesim/include/turtlesim/turtlesim/action
[24.045s] -- Up-to-date: /home/msc-mixex-reality/UDPSimulatorNode/ros2_ws/install/turtlesim/include/turtlesim/turtlesim/action/detail
[24.045s] -- Installing: /home/msc-mixex-reality/UDPSimulatorNode/ros2_ws/install/turtlesim/include/turtlesim/turtlesim/action/detail/rotate_absolute__struct.hpp
[24.045s] -- Installing: /home/msc-mixex-reality/UDPSimulatorNode/ros2_ws/install/turtlesim/include/turtlesim/turtlesim/action/detail/rotate_absolute__builder.hpp
[24.046s] -- Installing: /home/msc-mixex-reality/UDPSimulatorNode/ros2_ws/install/turtlesim/include/turtlesim/turtlesim/action/detail/rotate_absolute__traits.hpp
[24.046s] -- Installing: /home/msc-mixex-reality/UDPSimulatorNode/ros2_ws/install/turtlesim/include/turtlesim/turtlesim/action/rotate_absolute.hpp
[24.046s] -- Up-to-date: /home/msc-mixex-reality/UDPSimulatorNode/ros2_ws/install/turtlesim/include/turtlesim/turtlesim
[24.046s] -- Up-to-date: /home/msc-mixex-reality/UDPSimulatorNode/ros2_ws/install/turtlesim/include/turtlesim/turtlesim/srv
[24.046s] -- Up-to-date: /home/msc-mixex-reality/UDPSimulatorNode/ros2_ws/install/turtlesim/include/turtlesim/turtlesim/srv/detail
[24.046s] -- Installing: /home/msc-mixex-reality/UDPSimulatorNode/ros2_ws/install/turtlesim/include/turtlesim/turtlesim/srv/detail/set_pen__rosidl_typesupport_fastrtps_cpp.hpp
[24.046s] -- Installing: /home/msc-mixex-reality/UDPSimulatorNode/ros2_ws/install/turtlesim/include/turtlesim/turtlesim/srv/detail/teleport_absolute__rosidl_typesupport_fastrtps_cpp.hpp
[24.047s] -- Installing: /home/msc-mixex-reality/UDPSimulatorNode/ros2_ws/install/turtlesim/include/turtlesim/turtlesim/srv/detail/kill__rosidl_typesupport_fastrtps_cpp.hpp
[24.047s] -- Installing: /home/msc-mixex-reality/UDPSimulatorNode/ros2_ws/install/turtlesim/include/turtlesim/turtlesim/srv/detail/teleport_relative__rosidl_typesupport_fastrtps_cpp.hpp
[24.047s] -- Installing: /home/msc-mixex-reality/UDPSimulatorNode/ros2_ws/install/turtlesim/include/turtlesim/turtlesim/srv/detail/spawn__rosidl_typesupport_fastrtps_cpp.hpp
[24.047s] -- Installing: /home/msc-mixex-reality/UDPSimulatorNode/ros2_ws/install/turtlesim/include/turtlesim/turtlesim/srv/detail/dds_fastrtps
[24.047s] -- Up-to-date: /home/msc-mixex-reality/UDPSimulatorNode/ros2_ws/install/turtlesim/include/turtlesim/turtlesim/msg
[24.047s] -- Up-to-date: /home/msc-mixex-reality/UDPSimulatorNode/ros2_ws/install/turtlesim/include/turtlesim/turtlesim/msg/detail
[24.047s] -- Installing: /home/msc-mixex-reality/UDPSimulatorNode/ros2_ws/install/turtlesim/include/turtlesim/turtlesim/msg/detail/pose__rosidl_typesupport_fastrtps_cpp.hpp
[24.048s] -- Installing: /home/msc-mixex-reality/UDPSimulatorNode/ros2_ws/install/turtlesim/include/turtlesim/turtlesim/msg/detail/dds_fastrtps
[24.048s] -- Installing: /home/msc-mixex-reality/UDPSimulatorNode/ros2_ws/install/turtlesim/include/turtlesim/turtlesim/msg/detail/color__rosidl_typesupport_fastrtps_cpp.hpp
[24.048s] -- Installing: /home/msc-mixex-reality/UDPSimulatorNode/ros2_ws/install/turtlesim/include/turtlesim/turtlesim/msg/rosidl_typesupport_fastrtps_cpp__visibility_control.h
[24.048s] -- Up-to-date: /home/msc-mixex-reality/UDPSimulatorNode/ros2_ws/install/turtlesim/include/turtlesim/turtlesim/action
[24.048s] -- Up-to-date: /home/msc-mixex-reality/UDPSimulatorNode/ros2_ws/install/turtlesim/include/turtlesim/turtlesim/action/detail
[24.048s] -- Installing: /home/msc-mixex-reality/UDPSimulatorNode/ros2_ws/install/turtlesim/include/turtlesim/turtlesim/action/detail/rotate_absolute__rosidl_typesupport_fastrtps_cpp.hpp
[24.049s] -- Installing: /home/msc-mixex-reality/UDPSimulatorNode/ros2_ws/install/turtlesim/include/turtlesim/turtlesim/action/detail/dds_fastrtps
[24.049s] -- Installing: /home/msc-mixex-reality/UDPSimulatorNode/ros2_ws/install/turtlesim/lib/libturtlesim__rosidl_typesupport_fastrtps_cpp.so
[24.049s] -- Set runtime path of "/home/msc-mixex-reality/UDPSimulatorNode/ros2_ws/install/turtlesim/lib/libturtlesim__rosidl_typesupport_fastrtps_cpp.so" to ""
[24.049s] -- Up-to-date: /home/msc-mixex-reality/UDPSimulatorNode/ros2_ws/install/turtlesim/include/turtlesim/turtlesim
[24.049s] -- Up-to-date: /home/msc-mixex-reality/UDPSimulatorNode/ros2_ws/install/turtlesim/include/turtlesim/turtlesim/srv
[24.049s] -- Up-to-date: /home/msc-mixex-reality/UDPSimulatorNode/ros2_ws/install/turtlesim/include/turtlesim/turtlesim/srv/detail
[24.050s] -- Installing: /home/msc-mixex-reality/UDPSimulatorNode/ros2_ws/install/turtlesim/include/turtlesim/turtlesim/srv/detail/kill__rosidl_typesupport_introspection_c.h
[24.050s] -- Installing: /home/msc-mixex-reality/UDPSimulatorNode/ros2_ws/install/turtlesim/include/turtlesim/turtlesim/srv/detail/spawn__type_support.c
[24.050s] -- Installing: /home/msc-mixex-reality/UDPSimulatorNode/ros2_ws/install/turtlesim/include/turtlesim/turtlesim/srv/detail/spawn__rosidl_typesupport_introspection_c.h
[24.050s] -- Installing: /home/msc-mixex-reality/UDPSimulatorNode/ros2_ws/install/turtlesim/include/turtlesim/turtlesim/srv/detail/teleport_absolute__type_support.c
[24.050s] -- Installing: /home/msc-mixex-reality/UDPSimulatorNode/ros2_ws/install/turtlesim/include/turtlesim/turtlesim/srv/detail/kill__type_support.c
[24.050s] -- Installing: /home/msc-mixex-reality/UDPSimulatorNode/ros2_ws/install/turtlesim/include/turtlesim/turtlesim/srv/detail/set_pen__rosidl_typesupport_introspection_c.h
[24.050s] -- Installing: /home/msc-mixex-reality/UDPSimulatorNode/ros2_ws/install/turtlesim/include/turtlesim/turtlesim/srv/detail/teleport_relative__rosidl_typesupport_introspection_c.h
[24.051s] -- Installing: /home/msc-mixex-reality/UDPSimulatorNode/ros2_ws/install/turtlesim/include/turtlesim/turtlesim/srv/detail/teleport_absolute__rosidl_typesupport_introspection_c.h
[24.051s] -- Installing: /home/msc-mixex-reality/UDPSimulatorNode/ros2_ws/install/turtlesim/include/turtlesim/turtlesim/srv/detail/set_pen__type_support.c
[24.051s] -- Installing: /home/msc-mixex-reality/UDPSimulatorNode/ros2_ws/install/turtlesim/include/turtlesim/turtlesim/srv/detail/teleport_relative__type_support.c
[24.051s] -- Up-to-date: /home/msc-mixex-reality/UDPSimulatorNode/ros2_ws/install/turtlesim/include/turtlesim/turtlesim/msg
[24.051s] -- Installing: /home/msc-mixex-reality/UDPSimulatorNode/ros2_ws/install/turtlesim/include/turtlesim/turtlesim/msg/rosidl_typesupport_introspection_c__visibility_control.h
[24.051s] -- Up-to-date: /home/msc-mixex-reality/UDPSimulatorNode/ros2_ws/install/turtlesim/include/turtlesim/turtlesim/msg/detail
[24.051s] -- Installing: /home/msc-mixex-reality/UDPSimulatorNode/ros2_ws/install/turtlesim/include/turtlesim/turtlesim/msg/detail/pose__type_support.c
[24.052s] -- Installing: /home/msc-mixex-reality/UDPSimulatorNode/ros2_ws/install/turtlesim/include/turtlesim/turtlesim/msg/detail/color__rosidl_typesupport_introspection_c.h
[24.052s] -- Installing: /home/msc-mixex-reality/UDPSimulatorNode/ros2_ws/install/turtlesim/include/turtlesim/turtlesim/msg/detail/color__type_support.c
[24.052s] -- Installing: /home/msc-mixex-reality/UDPSimulatorNode/ros2_ws/install/turtlesim/include/turtlesim/turtlesim/msg/detail/pose__rosidl_typesupport_introspection_c.h
[24.052s] -- Up-to-date: /home/msc-mixex-reality/UDPSimulatorNode/ros2_ws/install/turtlesim/include/turtlesim/turtlesim/action
[24.052s] -- Up-to-date: /home/msc-mixex-reality/UDPSimulatorNode/ros2_ws/install/turtlesim/include/turtlesim/turtlesim/action/detail
[24.052s] -- Installing: /home/msc-mixex-reality/UDPSimulatorNode/ros2_ws/install/turtlesim/include/turtlesim/turtlesim/action/detail/rotate_absolute__rosidl_typesupport_introspection_c.h
[24.053s] -- Installing: /home/msc-mixex-reality/UDPSimulatorNode/ros2_ws/install/turtlesim/include/turtlesim/turtlesim/action/detail/rotate_absolute__type_support.c
[24.053s] -- Installing: /home/msc-mixex-reality/UDPSimulatorNode/ros2_ws/install/turtlesim/lib/libturtlesim__rosidl_typesupport_introspection_c.so
[24.053s] -- Set runtime path of "/home/msc-mixex-reality/UDPSimulatorNode/ros2_ws/install/turtlesim/lib/libturtlesim__rosidl_typesupport_introspection_c.so" to ""
[24.053s] -- Installing: /home/msc-mixex-reality/UDPSimulatorNode/ros2_ws/install/turtlesim/lib/libturtlesim__rosidl_typesupport_c.so
[24.053s] -- Set runtime path of "/home/msc-mixex-reality/UDPSimulatorNode/ros2_ws/install/turtlesim/lib/libturtlesim__rosidl_typesupport_c.so" to ""
[24.053s] -- Up-to-date: /home/msc-mixex-reality/UDPSimulatorNode/ros2_ws/install/turtlesim/include/turtlesim/turtlesim
[24.053s] -- Up-to-date: /home/msc-mixex-reality/UDPSimulatorNode/ros2_ws/install/turtlesim/include/turtlesim/turtlesim/srv
[24.054s] -- Up-to-date: /home/msc-mixex-reality/UDPSimulatorNode/ros2_ws/install/turtlesim/include/turtlesim/turtlesim/srv/detail
[24.054s] -- Installing: /home/msc-mixex-reality/UDPSimulatorNode/ros2_ws/install/turtlesim/include/turtlesim/turtlesim/srv/detail/teleport_absolute__rosidl_typesupport_introspection_cpp.hpp
[24.054s] -- Installing: /home/msc-mixex-reality/UDPSimulatorNode/ros2_ws/install/turtlesim/include/turtlesim/turtlesim/srv/detail/set_pen__type_support.cpp
[24.054s] -- Installing: /home/msc-mixex-reality/UDPSimulatorNode/ros2_ws/install/turtlesim/include/turtlesim/turtlesim/srv/detail/spawn__type_support.cpp
[24.054s] -- Installing: /home/msc-mixex-reality/UDPSimulatorNode/ros2_ws/install/turtlesim/include/turtlesim/turtlesim/srv/detail/kill__rosidl_typesupport_introspection_cpp.hpp
[24.054s] -- Installing: /home/msc-mixex-reality/UDPSimulatorNode/ros2_ws/install/turtlesim/include/turtlesim/turtlesim/srv/detail/set_pen__rosidl_typesupport_introspection_cpp.hpp
[24.055s] -- Installing: /home/msc-mixex-reality/UDPSimulatorNode/ros2_ws/install/turtlesim/include/turtlesim/turtlesim/srv/detail/teleport_absolute__type_support.cpp
[24.055s] -- Installing: /home/msc-mixex-reality/UDPSimulatorNode/ros2_ws/install/turtlesim/include/turtlesim/turtlesim/srv/detail/teleport_relative__rosidl_typesupport_introspection_cpp.hpp
[24.055s] -- Installing: /home/msc-mixex-reality/UDPSimulatorNode/ros2_ws/install/turtlesim/include/turtlesim/turtlesim/srv/detail/kill__type_support.cpp
[24.055s] -- Installing: /home/msc-mixex-reality/UDPSimulatorNode/ros2_ws/install/turtlesim/include/turtlesim/turtlesim/srv/detail/spawn__rosidl_typesupport_introspection_cpp.hpp
[24.055s] -- Installing: /home/msc-mixex-reality/UDPSimulatorNode/ros2_ws/install/turtlesim/include/turtlesim/turtlesim/srv/detail/teleport_relative__type_support.cpp
[24.055s] -- Up-to-date: /home/msc-mixex-reality/UDPSimulatorNode/ros2_ws/install/turtlesim/include/turtlesim/turtlesim/msg
[24.055s] -- Up-to-date: /home/msc-mixex-reality/UDPSimulatorNode/ros2_ws/install/turtlesim/include/turtlesim/turtlesim/msg/detail
[24.056s] -- Installing: /home/msc-mixex-reality/UDPSimulatorNode/ros2_ws/install/turtlesim/include/turtlesim/turtlesim/msg/detail/pose__type_support.cpp
[24.056s] -- Installing: /home/msc-mixex-reality/UDPSimulatorNode/ros2_ws/install/turtlesim/include/turtlesim/turtlesim/msg/detail/pose__rosidl_typesupport_introspection_cpp.hpp
[24.056s] -- Installing: /home/msc-mixex-reality/UDPSimulatorNode/ros2_ws/install/turtlesim/include/turtlesim/turtlesim/msg/detail/color__type_support.cpp
[24.056s] -- Installing: /home/msc-mixex-reality/UDPSimulatorNode/ros2_ws/install/turtlesim/include/turtlesim/turtlesim/msg/detail/color__rosidl_typesupport_introspection_cpp.hpp
[24.056s] -- Up-to-date: /home/msc-mixex-reality/UDPSimulatorNode/ros2_ws/install/turtlesim/include/turtlesim/turtlesim/action
[24.056s] -- Up-to-date: /home/msc-mixex-reality/UDPSimulatorNode/ros2_ws/install/turtlesim/include/turtlesim/turtlesim/action/detail
[24.056s] -- Installing: /home/msc-mixex-reality/UDPSimulatorNode/ros2_ws/install/turtlesim/include/turtlesim/turtlesim/action/detail/rotate_absolute__type_support.cpp
[24.057s] -- Installing: /home/msc-mixex-reality/UDPSimulatorNode/ros2_ws/install/turtlesim/include/turtlesim/turtlesim/action/detail/rotate_absolute__rosidl_typesupport_introspection_cpp.hpp
[24.057s] -- Installing: /home/msc-mixex-reality/UDPSimulatorNode/ros2_ws/install/turtlesim/lib/libturtlesim__rosidl_typesupport_introspection_cpp.so
[24.057s] -- Set runtime path of "/home/msc-mixex-reality/UDPSimulatorNode/ros2_ws/install/turtlesim/lib/libturtlesim__rosidl_typesupport_introspection_cpp.so" to ""
[24.057s] -- Installing: /home/msc-mixex-reality/UDPSimulatorNode/ros2_ws/install/turtlesim/lib/libturtlesim__rosidl_typesupport_cpp.so
[24.057s] -- Set runtime path of "/home/msc-mixex-reality/UDPSimulatorNode/ros2_ws/install/turtlesim/lib/libturtlesim__rosidl_typesupport_cpp.so" to ""
[24.057s] -- Installing: /home/msc-mixex-reality/UDPSimulatorNode/ros2_ws/install/turtlesim/share/turtlesim/environment/pythonpath.sh
[24.057s] -- Installing: /home/msc-mixex-reality/UDPSimulatorNode/ros2_ws/install/turtlesim/share/turtlesim/environment/pythonpath.dsv
[24.058s] -- Installing: /home/msc-mixex-reality/UDPSimulatorNode/ros2_ws/install/turtlesim/local/lib/python3.10/dist-packages/turtlesim-1.4.2-py3.10.egg-info
[24.058s] -- Installing: /home/msc-mixex-reality/UDPSimulatorNode/ros2_ws/install/turtlesim/local/lib/python3.10/dist-packages/turtlesim-1.4.2-py3.10.egg-info/PKG-INFO
[24.058s] -- Installing: /home/msc-mixex-reality/UDPSimulatorNode/ros2_ws/install/turtlesim/local/lib/python3.10/dist-packages/turtlesim-1.4.2-py3.10.egg-info/SOURCES.txt
[24.058s] -- Installing: /home/msc-mixex-reality/UDPSimulatorNode/ros2_ws/install/turtlesim/local/lib/python3.10/dist-packages/turtlesim-1.4.2-py3.10.egg-info/top_level.txt
[24.058s] -- Installing: /home/msc-mixex-reality/UDPSimulatorNode/ros2_ws/install/turtlesim/local/lib/python3.10/dist-packages/turtlesim-1.4.2-py3.10.egg-info/dependency_links.txt
[24.058s] -- Installing: /home/msc-mixex-reality/UDPSimulatorNode/ros2_ws/install/turtlesim/local/lib/python3.10/dist-packages/turtlesim
[24.058s] -- Installing: /home/msc-mixex-reality/UDPSimulatorNode/ros2_ws/install/turtlesim/local/lib/python3.10/dist-packages/turtlesim/__init__.py
[24.058s] -- Installing: /home/msc-mixex-reality/UDPSimulatorNode/ros2_ws/install/turtlesim/local/lib/python3.10/dist-packages/turtlesim/_turtlesim_s.ep.rosidl_typesupport_fastrtps_c.c
[24.058s] -- Installing: /home/msc-mixex-reality/UDPSimulatorNode/ros2_ws/install/turtlesim/local/lib/python3.10/dist-packages/turtlesim/srv
[24.058s] -- Installing: /home/msc-mixex-reality/UDPSimulatorNode/ros2_ws/install/turtlesim/local/lib/python3.10/dist-packages/turtlesim/srv/_set_pen.py
[24.059s] -- Installing: /home/msc-mixex-reality/UDPSimulatorNode/ros2_ws/install/turtlesim/local/lib/python3.10/dist-packages/turtlesim/srv/_spawn_s.c
[24.059s] -- Installing: /home/msc-mixex-reality/UDPSimulatorNode/ros2_ws/install/turtlesim/local/lib/python3.10/dist-packages/turtlesim/srv/_kill.py
[24.059s] -- Installing: /home/msc-mixex-reality/UDPSimulatorNode/ros2_ws/install/turtlesim/local/lib/python3.10/dist-packages/turtlesim/srv/_teleport_absolute.py
[24.059s] -- Installing: /home/msc-mixex-reality/UDPSimulatorNode/ros2_ws/install/turtlesim/local/lib/python3.10/dist-packages/turtlesim/srv/__init__.py
[24.059s] -- Installing: /home/msc-mixex-reality/UDPSimulatorNode/ros2_ws/install/turtlesim/local/lib/python3.10/dist-packages/turtlesim/srv/_spawn.py
[24.059s] -- Installing: /home/msc-mixex-reality/UDPSimulatorNode/ros2_ws/install/turtlesim/local/lib/python3.10/dist-packages/turtlesim/srv/_teleport_relative.py
[24.059s] -- Installing: /home/msc-mixex-reality/UDPSimulatorNode/ros2_ws/install/turtlesim/local/lib/python3.10/dist-packages/turtlesim/srv/_teleport_absolute_s.c
[24.059s] -- Installing: /home/msc-mixex-reality/UDPSimulatorNode/ros2_ws/install/turtlesim/local/lib/python3.10/dist-packages/turtlesim/srv/_set_pen_s.c
[24.059s] -- Installing: /home/msc-mixex-reality/UDPSimulatorNode/ros2_ws/install/turtlesim/local/lib/python3.10/dist-packages/turtlesim/srv/_teleport_relative_s.c
[24.059s] -- Installing: /home/msc-mixex-reality/UDPSimulatorNode/ros2_ws/install/turtlesim/local/lib/python3.10/dist-packages/turtlesim/srv/_kill_s.c
[24.060s] -- Installing: /home/msc-mixex-reality/UDPSimulatorNode/ros2_ws/install/turtlesim/local/lib/python3.10/dist-packages/turtlesim/turtlesim_s__rosidl_typesupport_fastrtps_c.cpython-310-x86_64-linux-gnu.so
[24.060s] -- Installing: /home/msc-mixex-reality/UDPSimulatorNode/ros2_ws/install/turtlesim/local/lib/python3.10/dist-packages/turtlesim/libturtlesim__rosidl_generator_py.so
[24.060s] -- Installing: /home/msc-mixex-reality/UDPSimulatorNode/ros2_ws/install/turtlesim/local/lib/python3.10/dist-packages/turtlesim/turtlesim_s__rosidl_typesupport_c.cpython-310-x86_64-linux-gnu.so
[24.060s] -- Installing: /home/msc-mixex-reality/UDPSimulatorNode/ros2_ws/install/turtlesim/local/lib/python3.10/dist-packages/turtlesim/msg
[24.060s] -- Installing: /home/msc-mixex-reality/UDPSimulatorNode/ros2_ws/install/turtlesim/local/lib/python3.10/dist-packages/turtlesim/msg/__init__.py
[24.060s] -- Installing: /home/msc-mixex-reality/UDPSimulatorNode/ros2_ws/install/turtlesim/local/lib/python3.10/dist-packages/turtlesim/msg/_color.py
[24.060s] -- Installing: /home/msc-mixex-reality/UDPSimulatorNode/ros2_ws/install/turtlesim/local/lib/python3.10/dist-packages/turtlesim/msg/_pose_s.c
[24.061s] -- Installing: /home/msc-mixex-reality/UDPSimulatorNode/ros2_ws/install/turtlesim/local/lib/python3.10/dist-packages/turtlesim/msg/_color_s.c
[24.061s] -- Installing: /home/msc-mixex-reality/UDPSimulatorNode/ros2_ws/install/turtlesim/local/lib/python3.10/dist-packages/turtlesim/msg/_pose.py
[24.061s] -- Installing: /home/msc-mixex-reality/UDPSimulatorNode/ros2_ws/install/turtlesim/local/lib/python3.10/dist-packages/turtlesim/action
[24.061s] -- Installing: /home/msc-mixex-reality/UDPSimulatorNode/ros2_ws/install/turtlesim/local/lib/python3.10/dist-packages/turtlesim/action/__init__.py
[24.061s] -- Installing: /home/msc-mixex-reality/UDPSimulatorNode/ros2_ws/install/turtlesim/local/lib/python3.10/dist-packages/turtlesim/action/_rotate_absolute.py
[24.061s] -- Installing: /home/msc-mixex-reality/UDPSimulatorNode/ros2_ws/install/turtlesim/local/lib/python3.10/dist-packages/turtlesim/action/_rotate_absolute_s.c
[24.061s] -- Installing: /home/msc-mixex-reality/UDPSimulatorNode/ros2_ws/install/turtlesim/local/lib/python3.10/dist-packages/turtlesim/_turtlesim_s.ep.rosidl_typesupport_c.c
[24.061s] -- Installing: /home/msc-mixex-reality/UDPSimulatorNode/ros2_ws/install/turtlesim/local/lib/python3.10/dist-packages/turtlesim/_turtlesim_s.ep.rosidl_typesupport_introspection_c.c
[24.062s] -- Installing: /home/msc-mixex-reality/UDPSimulatorNode/ros2_ws/install/turtlesim/local/lib/python3.10/dist-packages/turtlesim/turtlesim_s__rosidl_typesupport_introspection_c.cpython-310-x86_64-linux-gnu.so
[24.114s] Listing '/home/msc-mixex-reality/UDPSimulatorNode/ros2_ws/install/turtlesim/local/lib/python3.10/dist-packages/turtlesim'...
[24.115s] Compiling '/home/msc-mixex-reality/UDPSimulatorNode/ros2_ws/install/turtlesim/local/lib/python3.10/dist-packages/turtlesim/__init__.py'...
[24.115s] Listing '/home/msc-mixex-reality/UDPSimulatorNode/ros2_ws/install/turtlesim/local/lib/python3.10/dist-packages/turtlesim/action'...
[24.115s] Compiling '/home/msc-mixex-reality/UDPSimulatorNode/ros2_ws/install/turtlesim/local/lib/python3.10/dist-packages/turtlesim/action/__init__.py'...
[24.115s] Compiling '/home/msc-mixex-reality/UDPSimulatorNode/ros2_ws/install/turtlesim/local/lib/python3.10/dist-packages/turtlesim/action/_rotate_absolute.py'...
[24.115s] Listing '/home/msc-mixex-reality/UDPSimulatorNode/ros2_ws/install/turtlesim/local/lib/python3.10/dist-packages/turtlesim/msg'...
[24.115s] Compiling '/home/msc-mixex-reality/UDPSimulatorNode/ros2_ws/install/turtlesim/local/lib/python3.10/dist-packages/turtlesim/msg/__init__.py'...
[24.115s] Compiling '/home/msc-mixex-reality/UDPSimulatorNode/ros2_ws/install/turtlesim/local/lib/python3.10/dist-packages/turtlesim/msg/_color.py'...
[24.115s] Compiling '/home/msc-mixex-reality/UDPSimulatorNode/ros2_ws/install/turtlesim/local/lib/python3.10/dist-packages/turtlesim/msg/_pose.py'...
[24.115s] Listing '/home/msc-mixex-reality/UDPSimulatorNode/ros2_ws/install/turtlesim/local/lib/python3.10/dist-packages/turtlesim/srv'...
[24.115s] Compiling '/home/msc-mixex-reality/UDPSimulatorNode/ros2_ws/install/turtlesim/local/lib/python3.10/dist-packages/turtlesim/srv/__init__.py'...
[24.115s] Compiling '/home/msc-mixex-reality/UDPSimulatorNode/ros2_ws/install/turtlesim/local/lib/python3.10/dist-packages/turtlesim/srv/_kill.py'...
[24.115s] Compiling '/home/msc-mixex-reality/UDPSimulatorNode/ros2_ws/install/turtlesim/local/lib/python3.10/dist-packages/turtlesim/srv/_set_pen.py'...
[24.115s] Compiling '/home/msc-mixex-reality/UDPSimulatorNode/ros2_ws/install/turtlesim/local/lib/python3.10/dist-packages/turtlesim/srv/_spawn.py'...
[24.115s] Compiling '/home/msc-mixex-reality/UDPSimulatorNode/ros2_ws/install/turtlesim/local/lib/python3.10/dist-packages/turtlesim/srv/_teleport_absolute.py'...
[24.115s] Compiling '/home/msc-mixex-reality/UDPSimulatorNode/ros2_ws/install/turtlesim/local/lib/python3.10/dist-packages/turtlesim/srv/_teleport_relative.py'...
[24.119s] -- Installing: /home/msc-mixex-reality/UDPSimulatorNode/ros2_ws/install/turtlesim/local/lib/python3.10/dist-packages/turtlesim/turtlesim_s__rosidl_typesupport_fastrtps_c.cpython-310-x86_64-linux-gnu.so
[24.120s] -- Set runtime path of "/home/msc-mixex-reality/UDPSimulatorNode/ros2_ws/install/turtlesim/local/lib/python3.10/dist-packages/turtlesim/turtlesim_s__rosidl_typesupport_fastrtps_c.cpython-310-x86_64-linux-gnu.so" to ""
[24.120s] -- Installing: /home/msc-mixex-reality/UDPSimulatorNode/ros2_ws/install/turtlesim/local/lib/python3.10/dist-packages/turtlesim/turtlesim_s__rosidl_typesupport_introspection_c.cpython-310-x86_64-linux-gnu.so
[24.120s] -- Set runtime path of "/home/msc-mixex-reality/UDPSimulatorNode/ros2_ws/install/turtlesim/local/lib/python3.10/dist-packages/turtlesim/turtlesim_s__rosidl_typesupport_introspection_c.cpython-310-x86_64-linux-gnu.so" to ""
[24.121s] -- Installing: /home/msc-mixex-reality/UDPSimulatorNode/ros2_ws/install/turtlesim/local/lib/python3.10/dist-packages/turtlesim/turtlesim_s__rosidl_typesupport_c.cpython-310-x86_64-linux-gnu.so
[24.121s] -- Set runtime path of "/home/msc-mixex-reality/UDPSimulatorNode/ros2_ws/install/turtlesim/local/lib/python3.10/dist-packages/turtlesim/turtlesim_s__rosidl_typesupport_c.cpython-310-x86_64-linux-gnu.so" to ""
[24.121s] -- Installing: /home/msc-mixex-reality/UDPSimulatorNode/ros2_ws/install/turtlesim/lib/libturtlesim__rosidl_generator_py.so
[24.122s] -- Set runtime path of "/home/msc-mixex-reality/UDPSimulatorNode/ros2_ws/install/turtlesim/lib/libturtlesim__rosidl_generator_py.so" to ""
[24.122s] -- Installing: /home/msc-mixex-reality/UDPSimulatorNode/ros2_ws/install/turtlesim/share/turtlesim/action/RotateAbsolute.idl
[24.122s] -- Installing: /home/msc-mixex-reality/UDPSimulatorNode/ros2_ws/install/turtlesim/share/turtlesim/msg/Color.idl
[24.122s] -- Installing: /home/msc-mixex-reality/UDPSimulatorNode/ros2_ws/install/turtlesim/share/turtlesim/msg/Pose.idl
[24.122s] -- Installing: /home/msc-mixex-reality/UDPSimulatorNode/ros2_ws/install/turtlesim/share/turtlesim/srv/Kill.idl
[24.122s] -- Installing: /home/msc-mixex-reality/UDPSimulatorNode/ros2_ws/install/turtlesim/share/turtlesim/srv/SetPen.idl
[24.122s] -- Installing: /home/msc-mixex-reality/UDPSimulatorNode/ros2_ws/install/turtlesim/share/turtlesim/srv/Spawn.idl
[24.122s] -- Installing: /home/msc-mixex-reality/UDPSimulatorNode/ros2_ws/install/turtlesim/share/turtlesim/srv/TeleportAbsolute.idl
[24.122s] -- Installing: /home/msc-mixex-reality/UDPSimulatorNode/ros2_ws/install/turtlesim/share/turtlesim/srv/TeleportRelative.idl
[24.123s] -- Installing: /home/msc-mixex-reality/UDPSimulatorNode/ros2_ws/install/turtlesim/share/turtlesim/action/RotateAbsolute.action
[24.123s] -- Installing: /home/msc-mixex-reality/UDPSimulatorNode/ros2_ws/install/turtlesim/share/turtlesim/msg/Color.msg
[24.123s] -- Installing: /home/msc-mixex-reality/UDPSimulatorNode/ros2_ws/install/turtlesim/share/turtlesim/msg/Pose.msg
[24.123s] -- Installing: /home/msc-mixex-reality/UDPSimulatorNode/ros2_ws/install/turtlesim/share/turtlesim/srv/Kill.srv
[24.123s] -- Installing: /home/msc-mixex-reality/UDPSimulatorNode/ros2_ws/install/turtlesim/share/turtlesim/srv/Kill_Request.msg
[24.123s] -- Installing: /home/msc-mixex-reality/UDPSimulatorNode/ros2_ws/install/turtlesim/share/turtlesim/srv/Kill_Response.msg
[24.123s] -- Installing: /home/msc-mixex-reality/UDPSimulatorNode/ros2_ws/install/turtlesim/share/turtlesim/srv/SetPen.srv
[24.123s] -- Installing: /home/msc-mixex-reality/UDPSimulatorNode/ros2_ws/install/turtlesim/share/turtlesim/srv/SetPen_Request.msg
[24.123s] -- Installing: /home/msc-mixex-reality/UDPSimulatorNode/ros2_ws/install/turtlesim/share/turtlesim/srv/SetPen_Response.msg
[24.124s] -- Installing: /home/msc-mixex-reality/UDPSimulatorNode/ros2_ws/install/turtlesim/share/turtlesim/srv/Spawn.srv
[24.124s] -- Installing: /home/msc-mixex-reality/UDPSimulatorNode/ros2_ws/install/turtlesim/share/turtlesim/srv/Spawn_Request.msg
[24.124s] -- Installing: /home/msc-mixex-reality/UDPSimulatorNode/ros2_ws/install/turtlesim/share/turtlesim/srv/Spawn_Response.msg
[24.124s] -- Installing: /home/msc-mixex-reality/UDPSimulatorNode/ros2_ws/install/turtlesim/share/turtlesim/srv/TeleportAbsolute.srv
[24.124s] -- Installing: /home/msc-mixex-reality/UDPSimulatorNode/ros2_ws/install/turtlesim/share/turtlesim/srv/TeleportAbsolute_Request.msg
[24.124s] -- Installing: /home/msc-mixex-reality/UDPSimulatorNode/ros2_ws/install/turtlesim/share/turtlesim/srv/TeleportAbsolute_Response.msg
[24.124s] -- Installing: /home/msc-mixex-reality/UDPSimulatorNode/ros2_ws/install/turtlesim/share/turtlesim/srv/TeleportRelative.srv
[24.125s] -- Installing: /home/msc-mixex-reality/UDPSimulatorNode/ros2_ws/install/turtlesim/share/turtlesim/srv/TeleportRelative_Request.msg
[24.125s] -- Installing: /home/msc-mixex-reality/UDPSimulatorNode/ros2_ws/install/turtlesim/share/turtlesim/srv/TeleportRelative_Response.msg
[24.125s] -- Installing: /home/msc-mixex-reality/UDPSimulatorNode/ros2_ws/install/turtlesim/lib/turtlesim/turtlesim_node
[24.133s] -- Set runtime path of "/home/msc-mixex-reality/UDPSimulatorNode/ros2_ws/install/turtlesim/lib/turtlesim/turtlesim_node" to ""
[24.133s] -- Installing: /home/msc-mixex-reality/UDPSimulatorNode/ros2_ws/install/turtlesim/lib/turtlesim/turtle_teleop_key
[24.135s] -- Set runtime path of "/home/msc-mixex-reality/UDPSimulatorNode/ros2_ws/install/turtlesim/lib/turtlesim/turtle_teleop_key" to ""
[24.135s] -- Installing: /home/msc-mixex-reality/UDPSimulatorNode/ros2_ws/install/turtlesim/lib/turtlesim/draw_square
[24.139s] -- Set runtime path of "/home/msc-mixex-reality/UDPSimulatorNode/ros2_ws/install/turtlesim/lib/turtlesim/draw_square" to ""
[24.139s] -- Installing: /home/msc-mixex-reality/UDPSimulatorNode/ros2_ws/install/turtlesim/lib/turtlesim/mimic
[24.143s] -- Set runtime path of "/home/msc-mixex-reality/UDPSimulatorNode/ros2_ws/install/turtlesim/lib/turtlesim/mimic" to ""
[24.143s] -- Installing: /home/msc-mixex-reality/UDPSimulatorNode/ros2_ws/install/turtlesim/share/turtlesim/images
[24.143s] -- Installing: /home/msc-mixex-reality/UDPSimulatorNode/ros2_ws/install/turtlesim/share/turtlesim/images/humble.png
[24.143s] -- Installing: /home/msc-mixex-reality/UDPSimulatorNode/ros2_ws/install/turtlesim/share/turtlesim/images/ardent.png
[24.143s] -- Installing: /home/msc-mixex-reality/UDPSimulatorNode/ros2_ws/install/turtlesim/share/turtlesim/images/bouncy.png
[24.144s] -- Installing: /home/msc-mixex-reality/UDPSimulatorNode/ros2_ws/install/turtlesim/share/turtlesim/images/rolling.png
[24.144s] -- Installing: /home/msc-mixex-reality/UDPSimulatorNode/ros2_ws/install/turtlesim/share/turtlesim/images/galactic.png
[24.144s] -- Installing: /home/msc-mixex-reality/UDPSimulatorNode/ros2_ws/install/turtlesim/share/turtlesim/images/crystal.png
[24.144s] -- Installing: /home/msc-mixex-reality/UDPSimulatorNode/ros2_ws/install/turtlesim/share/turtlesim/images/eloquent.png
[24.144s] -- Installing: /home/msc-mixex-reality/UDPSimulatorNode/ros2_ws/install/turtlesim/share/turtlesim/images/dashing.png
[24.144s] -- Installing: /home/msc-mixex-reality/UDPSimulatorNode/ros2_ws/install/turtlesim/share/turtlesim/images/foxy.png
[24.144s] -- Installing: /home/msc-mixex-reality/UDPSimulatorNode/ros2_ws/install/turtlesim/share/turtlesim/launch
[24.145s] -- Installing: /home/msc-mixex-reality/UDPSimulatorNode/ros2_ws/install/turtlesim/share/turtlesim/launch/multisim.launch.py
[24.145s] -- Installing: /home/msc-mixex-reality/UDPSimulatorNode/ros2_ws/install/turtlesim/share/ament_index/resource_index/package_run_dependencies/turtlesim
[24.145s] -- Installing: /home/msc-mixex-reality/UDPSimulatorNode/ros2_ws/install/turtlesim/share/ament_index/resource_index/parent_prefix_path/turtlesim
[24.145s] -- Installing: /home/msc-mixex-reality/UDPSimulatorNode/ros2_ws/install/turtlesim/share/turtlesim/environment/ament_prefix_path.sh
[24.145s] -- Installing: /home/msc-mixex-reality/UDPSimulatorNode/ros2_ws/install/turtlesim/share/turtlesim/environment/ament_prefix_path.dsv
[24.145s] -- Installing: /home/msc-mixex-reality/UDPSimulatorNode/ros2_ws/install/turtlesim/share/turtlesim/environment/path.sh
[24.146s] -- Installing: /home/msc-mixex-reality/UDPSimulatorNode/ros2_ws/install/turtlesim/share/turtlesim/environment/path.dsv
[24.146s] -- Installing: /home/msc-mixex-reality/UDPSimulatorNode/ros2_ws/install/turtlesim/share/turtlesim/local_setup.bash
[24.146s] -- Installing: /home/msc-mixex-reality/UDPSimulatorNode/ros2_ws/install/turtlesim/share/turtlesim/local_setup.sh
[24.146s] -- Installing: /home/msc-mixex-reality/UDPSimulatorNode/ros2_ws/install/turtlesim/share/turtlesim/local_setup.zsh
[24.146s] -- Installing: /home/msc-mixex-reality/UDPSimulatorNode/ros2_ws/install/turtlesim/share/turtlesim/local_setup.dsv
[24.147s] -- Installing: /home/msc-mixex-reality/UDPSimulatorNode/ros2_ws/install/turtlesim/share/turtlesim/package.dsv
[24.147s] -- Installing: /home/msc-mixex-reality/UDPSimulatorNode/ros2_ws/install/turtlesim/share/ament_index/resource_index/packages/turtlesim
[24.147s] -- Installing: /home/msc-mixex-reality/UDPSimulatorNode/ros2_ws/install/turtlesim/share/turtlesim/cmake/export_turtlesim__rosidl_generator_cExport.cmake
[24.147s] -- Installing: /home/msc-mixex-reality/UDPSimulatorNode/ros2_ws/install/turtlesim/share/turtlesim/cmake/export_turtlesim__rosidl_generator_cExport-noconfig.cmake
[24.147s] -- Installing: /home/msc-mixex-reality/UDPSimulatorNode/ros2_ws/install/turtlesim/share/turtlesim/cmake/export_turtlesim__rosidl_typesupport_fastrtps_cExport.cmake
[24.148s] -- Installing: /home/msc-mixex-reality/UDPSimulatorNode/ros2_ws/install/turtlesim/share/turtlesim/cmake/export_turtlesim__rosidl_typesupport_fastrtps_cExport-noconfig.cmake
[24.148s] -- Installing: /home/msc-mixex-reality/UDPSimulatorNode/ros2_ws/install/turtlesim/share/turtlesim/cmake/export_turtlesim__rosidl_generator_cppExport.cmake
[24.148s] -- Installing: /home/msc-mixex-reality/UDPSimulatorNode/ros2_ws/install/turtlesim/share/turtlesim/cmake/export_turtlesim__rosidl_typesupport_fastrtps_cppExport.cmake
[24.148s] -- Installing: /home/msc-mixex-reality/UDPSimulatorNode/ros2_ws/install/turtlesim/share/turtlesim/cmake/export_turtlesim__rosidl_typesupport_fastrtps_cppExport-noconfig.cmake
[24.148s] -- Installing: /home/msc-mixex-reality/UDPSimulatorNode/ros2_ws/install/turtlesim/share/turtlesim/cmake/turtlesim__rosidl_typesupport_introspection_cExport.cmake
[24.148s] -- Installing: /home/msc-mixex-reality/UDPSimulatorNode/ros2_ws/install/turtlesim/share/turtlesim/cmake/turtlesim__rosidl_typesupport_introspection_cExport-noconfig.cmake
[24.149s] -- Installing: /home/msc-mixex-reality/UDPSimulatorNode/ros2_ws/install/turtlesim/share/turtlesim/cmake/turtlesim__rosidl_typesupport_cExport.cmake
[24.149s] -- Installing: /home/msc-mixex-reality/UDPSimulatorNode/ros2_ws/install/turtlesim/share/turtlesim/cmake/turtlesim__rosidl_typesupport_cExport-noconfig.cmake
[24.149s] -- Installing: /home/msc-mixex-reality/UDPSimulatorNode/ros2_ws/install/turtlesim/share/turtlesim/cmake/turtlesim__rosidl_typesupport_introspection_cppExport.cmake
[24.149s] -- Installing: /home/msc-mixex-reality/UDPSimulatorNode/ros2_ws/install/turtlesim/share/turtlesim/cmake/turtlesim__rosidl_typesupport_introspection_cppExport-noconfig.cmake
[24.149s] -- Installing: /home/msc-mixex-reality/UDPSimulatorNode/ros2_ws/install/turtlesim/share/turtlesim/cmake/turtlesim__rosidl_typesupport_cppExport.cmake
[24.149s] -- Installing: /home/msc-mixex-reality/UDPSimulatorNode/ros2_ws/install/turtlesim/share/turtlesim/cmake/turtlesim__rosidl_typesupport_cppExport-noconfig.cmake
[24.150s] -- Installing: /home/msc-mixex-reality/UDPSimulatorNode/ros2_ws/install/turtlesim/share/turtlesim/cmake/export_turtlesim__rosidl_generator_pyExport.cmake
[24.150s] -- Installing: /home/msc-mixex-reality/UDPSimulatorNode/ros2_ws/install/turtlesim/share/turtlesim/cmake/export_turtlesim__rosidl_generator_pyExport-noconfig.cmake
[24.150s] -- Installing: /home/msc-mixex-reality/UDPSimulatorNode/ros2_ws/install/turtlesim/share/turtlesim/cmake/rosidl_cmake-extras.cmake
[24.150s] -- Installing: /home/msc-mixex-reality/UDPSimulatorNode/ros2_ws/install/turtlesim/share/turtlesim/cmake/ament_cmake_export_dependencies-extras.cmake
[24.150s] -- Installing: /home/msc-mixex-reality/UDPSimulatorNode/ros2_ws/install/turtlesim/share/turtlesim/cmake/ament_cmake_export_include_directories-extras.cmake
[24.150s] -- Installing: /home/msc-mixex-reality/UDPSimulatorNode/ros2_ws/install/turtlesim/share/turtlesim/cmake/ament_cmake_export_libraries-extras.cmake
[24.150s] -- Installing: /home/msc-mixex-reality/UDPSimulatorNode/ros2_ws/install/turtlesim/share/turtlesim/cmake/ament_cmake_export_targets-extras.cmake
[24.151s] -- Installing: /home/msc-mixex-reality/UDPSimulatorNode/ros2_ws/install/turtlesim/share/turtlesim/cmake/rosidl_cmake_export_typesupport_targets-extras.cmake
[24.151s] -- Installing: /home/msc-mixex-reality/UDPSimulatorNode/ros2_ws/install/turtlesim/share/turtlesim/cmake/rosidl_cmake_export_typesupport_libraries-extras.cmake
[24.151s] -- Installing: /home/msc-mixex-reality/UDPSimulatorNode/ros2_ws/install/turtlesim/share/turtlesim/cmake/turtlesimConfig.cmake
[24.151s] -- Installing: /home/msc-mixex-reality/UDPSimulatorNode/ros2_ws/install/turtlesim/share/turtlesim/cmake/turtlesimConfig-version.cmake
[24.151s] -- Installing: /home/msc-mixex-reality/UDPSimulatorNode/ros2_ws/install/turtlesim/share/turtlesim/package.xml
[24.154s] Invoked command in '/home/msc-mixex-reality/UDPSimulatorNode/ros2_ws/build/turtlesim' returned '0': CMAKE_PREFIX_PATH=/opt/ros/humble /usr/bin/cmake --install /home/msc-mixex-reality/UDPSimulatorNode/ros2_ws/build/turtlesim
