[0.011s] Invoking command in '/home/msc-mixex-reality/UDPSimulatorNode/ros2_ws/build/udp_communication': CMAKE_PREFIX_PATH=${CMAKE_PREFIX_PATH}:/opt/ros/humble /usr/bin/cmake --build /home/msc-mixex-reality/UDPSimulatorNode/ros2_ws/build/udp_communication -- -j8 -l8
[0.049s] [35m[1mConsolidate compiler generated dependencies of target udp_simulator_node[0m
[0.071s] [ 50%] Built target talker
[0.074s] [ 75%] [32mBuilding CXX object CMakeFiles/udp_simulator_node.dir/src/udp_simulator_node.cpp.o[0m
[2.645s] [01m[K/home/msc-mixex-reality/UDPSimulatorNode/ros2_ws/src/udp_communication/src/udp_simulator_node.cpp:[m[K In function ‘[01m[Kint main(int, char**)[m[K’:
[2.645s] [01m[K/home/msc-mixex-reality/UDPSimulatorNode/ros2_ws/src/udp_communication/src/udp_simulator_node.cpp:36:26:[m[K [01;31m[Kerror: [m[Kaggregate ‘[01m[Kmain(int, char**)::sockaddr_in servaddr[m[K’ has incomplete type and cannot be defined
[2.645s]    36 |   struct sockaddr_in     [01;31m[Kservaddr[m[K;
[2.646s]       |                          [01;31m[K^~~~~~~~[m[K
[2.649s] [01m[K/home/msc-mixex-reality/UDPSimulatorNode/ros2_ws/src/udp_communication/src/udp_simulator_node.cpp:39:25:[m[K [01;31m[Kerror: [m[K‘[01m[KAF_INET[m[K’ was not declared in this scope
[2.649s]    39 |   if ( (sockfd = socket([01;31m[KAF_INET[m[K, SOCK_DGRAM, 0)) < 0 ) {
[2.649s]       |                         [01;31m[K^~~~~~~[m[K
[2.653s] [01m[K/home/msc-mixex-reality/UDPSimulatorNode/ros2_ws/src/udp_communication/src/udp_simulator_node.cpp:39:34:[m[K [01;31m[Kerror: [m[K‘[01m[KSOCK_DGRAM[m[K’ was not declared in this scope
[2.653s]    39 |   if ( (sockfd = socket(AF_INET, [01;31m[KSOCK_DGRAM[m[K, 0)) < 0 ) {
[2.653s]       |                                  [01;31m[K^~~~~~~~~~[m[K
[2.656s] [01m[K/home/msc-mixex-reality/UDPSimulatorNode/ros2_ws/src/udp_communication/src/udp_simulator_node.cpp:39:18:[m[K [01;31m[Kerror: [m[K‘[01m[Ksocket[m[K’ was not declared in this scope; did you mean ‘[01m[Ksockfd[m[K’?
[2.656s]    39 |   if ( (sockfd = [01;31m[Ksocket[m[K(AF_INET, SOCK_DGRAM, 0)) < 0 ) {
[2.656s]       |                  [01;31m[K^~~~~~[m[K
[2.656s]       |                  [32m[Ksockfd[m[K
[2.656s] [01m[K/home/msc-mixex-reality/UDPSimulatorNode/ros2_ws/src/udp_communication/src/udp_simulator_node.cpp:45:13:[m[K [01;31m[Kerror: [m[K‘[01m[KspinOnce[m[K’ is not a member of ‘[01m[Krclcpp[m[K’
[2.657s]    45 |     rclcpp::[01;31m[KspinOnce[m[K(std::make_shared<MinimalSubscriber>());
[2.657s]       |             [01;31m[K^~~~~~~~[m[K
[2.666s] [01m[K/home/msc-mixex-reality/UDPSimulatorNode/ros2_ws/src/udp_communication/src/udp_simulator_node.cpp:69:27:[m[K [01;31m[Kerror: [m[K‘[01m[KAF_INET[m[K’ was not declared in this scope
[2.666s]    69 |     servaddr.sin_family = [01;31m[KAF_INET[m[K;
[2.666s]       |                           [01;31m[K^~~~~~~[m[K
[2.669s] [01m[K/home/msc-mixex-reality/UDPSimulatorNode/ros2_ws/src/udp_communication/src/udp_simulator_node.cpp:70:25:[m[K [01;31m[Kerror: [m[K‘[01m[Khtons[m[K’ was not declared in this scope
[2.669s]    70 |     servaddr.sin_port = [01;31m[Khtons[m[K(PORT);
[2.669s]       |                         [01;31m[K^~~~~[m[K
[2.673s] [01m[K/home/msc-mixex-reality/UDPSimulatorNode/ros2_ws/src/udp_communication/src/udp_simulator_node.cpp:71:32:[m[K [01;31m[Kerror: [m[K‘[01m[KINADDR_ANY[m[K’ was not declared in this scope
[2.673s]    71 |     servaddr.sin_addr.s_addr = [01;31m[KINADDR_ANY[m[K;
[2.673s]       |                                [01;31m[K^~~~~~~~~~[m[K
[2.676s] [01m[K/home/msc-mixex-reality/UDPSimulatorNode/ros2_ws/src/udp_communication/src/udp_simulator_node.cpp:76:5:[m[K [01;31m[Kerror: [m[K‘[01m[Ksendto[m[K’ was not declared in this scope; did you mean ‘[01m[KsendStr[m[K’?
[2.676s]    76 |     [01;31m[Ksendto[m[K(sockfd, sendStr.c_str(), strlen(sendStr.c_str()),
[2.676s]       |     [01;31m[K^~~~~~[m[K
[2.676s]       |     [32m[KsendStr[m[K
[4.819s] gmake[2]: *** [CMakeFiles/udp_simulator_node.dir/build.make:76: CMakeFiles/udp_simulator_node.dir/src/udp_simulator_node.cpp.o] Error 1
[4.820s] gmake[1]: *** [CMakeFiles/Makefile2:165: CMakeFiles/udp_simulator_node.dir/all] Error 2
[4.820s] gmake: *** [Makefile:146: all] Error 2
[4.823s] Invoked command in '/home/msc-mixex-reality/UDPSimulatorNode/ros2_ws/build/udp_communication' returned '2': CMAKE_PREFIX_PATH=${CMAKE_PREFIX_PATH}:/opt/ros/humble /usr/bin/cmake --build /home/msc-mixex-reality/UDPSimulatorNode/ros2_ws/build/udp_communication -- -j8 -l8
