[0.017s] Invoking command in '/home/msc-mixex-reality/UDPSimulatorNode/ros2_ws/build/turtlesim': CMAKE_PREFIX_PATH=${CMAKE_PREFIX_PATH}:/opt/ros/humble /usr/bin/cmake --build /home/msc-mixex-reality/UDPSimulatorNode/ros2_ws/build/turtlesim -- -j8 -l8
[0.074s] [ 10%] Built target turtlesim__rosidl_generator_c
[0.076s] [ 11%] Built target turtlesim__cpp
[0.095s] [ 11%] Built target ament_cmake_python_copy_turtlesim
[0.112s] [ 21%] Built target turtlesim__rosidl_typesupport_c
[0.115s] [ 31%] Built target turtlesim__rosidl_typesupport_cpp
[0.118s] [ 41%] Built target turtlesim__rosidl_typesupport_introspection_c
[0.122s] [ 51%] Built target turtlesim__rosidl_typesupport_fastrtps_c
[0.129s] [ 61%] Built target turtlesim__rosidl_typesupport_fastrtps_cpp
[0.139s] [ 71%] Built target turtlesim__rosidl_typesupport_introspection_cpp
[0.155s] [ 73%] Built target turtle_teleop_key
[0.158s] [ 75%] Built target draw_square
[0.163s] [ 75%] Built target turtlesim
[0.167s] [ 77%] Built target mimic
[0.168s] [ 83%] Built target turtlesim_node
[0.184s] [ 84%] Built target turtlesim__py
[0.212s] [ 93%] Built target turtlesim__rosidl_generator_py
[0.242s] [ 95%] Built target turtlesim__rosidl_typesupport_introspection_c__pyext
[0.243s] [ 97%] Built target turtlesim__rosidl_typesupport_c__pyext
[0.243s] [100%] Built target turtlesim__rosidl_typesupport_fastrtps_c__pyext
[0.402s] running egg_info
[0.403s] writing turtlesim.egg-info/PKG-INFO
[0.404s] writing dependency_links to turtlesim.egg-info/dependency_links.txt
[0.404s] writing top-level names to turtlesim.egg-info/top_level.txt
[0.407s] reading manifest file 'turtlesim.egg-info/SOURCES.txt'
[0.408s] writing manifest file 'turtlesim.egg-info/SOURCES.txt'
[0.440s] [100%] Built target ament_cmake_python_build_turtlesim_egg
